#
# A fatal error has been detected by the Java Runtime Environment:
#
#  SIGSEGV (0xb) at pc=0x00007fffb6240d08, pid=638, tid=0x0000000000000307
#
# JRE version: Java(TM) SE Runtime Environment (8.0_92-b14) (build 1.8.0_92-b14)
# Java VM: Java HotSpot(TM) 64-Bit Server VM (25.92-b14 mixed mode bsd-amd64 compressed oops)
# Problematic frame:
# C  [libobjc.A.dylib+0xbd08]  objc_storeWeak+0x16e
#
# Failed to write core dump. Core dumps have been disabled. To enable core dumping, try "ulimit -c unlimited" before starting Java again
#
# If you would like to submit a bug report, please visit:
#   http://bugreport.java.com/bugreport/crash.jsp
# The crash happened outside the Java Virtual Machine in native code.
# See problematic frame for where to report the bug.
#

---------------  T H R E A D  ---------------

Current thread (0x00007fd77c088000):  JavaThread "AppKit Thread" daemon [_thread_in_native, id=775, stack(0x00007fff59a2b000,0x00007fff5a22b000)]

siginfo: si_signo: 11 (SIGSEGV), si_code: 1 (SEGV_MAPERR), si_addr: 0x0000000000000000

Registers:
RAX=0x00007fd77b005400, RBX=0x00007fffbf98d480, RCX=0x0000000000000000, RDX=0x00007ffffffffff8
RSP=0x00007fff5a2249a0, RBP=0x00007fff5a224a20, RSI=0x00007fd77b005800, RDI=0x00007fffbf98d480
R8 =0x000000000000003f, R9 =0x00007fd77a468cf0, R10=0x0000000000000013, R11=0x00007fd77b14c530
R12=0x00007fffbf98dec0, R13=0x0000000000000000, R14=0x00007fd77a667110, R15=0x0000000000000000
RIP=0x00007fffb6240d08, EFLAGS=0x0000000000010206, ERR=0x0000000000000004
  TRAPNO=0x000000000000000e

Top of Stack: (sp=0x00007fff5a2249a0)
0x00007fff5a2249a0:   0000000000000000 00007fd77a74c940
0x00007fff5a2249b0:   ffff802885b97310 0000000000000a40
0x00007fff5a2249c0:   00007fffbf8d7630 0000000000000000
0x00007fff5a2249d0:   00007fffbf98dec0 00007fd77a667110
0x00007fff5a2249e0:   0000000000000000 00007fd77a77a560
0x00007fff5a2249f0:   000000000000000a 00007fd77a468cf0
0x00007fff5a224a00:   0000000000000000 00007fd77a468cf0
0x00007fff5a224a10:   00007fd77a729f00 00007fd77a667110
0x00007fff5a224a20:   00007fff5a224a60 00007fffa2dd3def
0x00007fff5a224a30:   00007fff5a224a60 0000000000000000
0x00007fff5a224a40:   00007fd77a667110 00007fff9fb0c024
0x00007fff5a224a50:   00007fd77a468cf0 00007fffb623c040
0x00007fff5a224a60:   00007fff5a224a90 00007fff9f1a4a3f
0x00007fff5a224a70:   00007fffb623c040 00007fff5a224b18
0x00007fff5a224a80:   00007fff9fb4f777 00007fffb623c040
0x00007fff5a224a90:   00007fff5a224ad0 00007fff9f571f5b
0x00007fff5a224aa0:   0000000000000000 0000000000000000
0x00007fff5a224ab0:   0000000000000094 00007fff9fb3219d
0x00007fff5a224ac0:   00007fff5a224b18 0000000000000001
0x00007fff5a224ad0:   00007fff5a224b00 00007fff9effc118
0x00007fff5a224ae0:   0000000000000000 00007fd77a667110
0x00007fff5a224af0:   00007fd77a468cf0 0000000000000000
0x00007fff5a224b00:   00007fff5a224b60 00007fff9f1a487c
0x00007fff5a224b10:   0000000000000000 00007fffbfa20060
0x00007fff5a224b20:   00000000c2000000 00007fff9f571e6c
0x00007fff5a224b30:   00007fffbbaf7cf0 0000000000000000
0x00007fff5a224b40:   00007fd77a667110 00007fd77a468cf0
0x00007fff5a224b50:   00007fd77a468cf0 00007fd77a667110
0x00007fff5a224b60:   00007fff5a224b90 0000000127918586
0x00007fff5a224b70:   00007fd77a468cf0 000000012794cc60
0x00007fff5a224b80:   00007fd77a648030 00007fd77a648030
0x00007fff5a224b90:   00007fff5a225100 00007fff9f01f24b 

Instructions: (pc=0x00007fffb6240d08)
0x00007fffb6240ce8:   eb 07 48 8b 45 a0 48 8b 30 48 8b 45 c0 48 39 c6
0x00007fffb6240cf8:   74 2a 48 8b 46 20 48 89 c1 48 21 d1 48 8b 49 08
0x00007fffb6240d08:   f6 01 01 75 0a 48 8b 06 48 21 d0 48 8b 40 20 48
0x00007fffb6240d18:   21 d0 f6 40 03 20 0f 84 f8 fe ff ff 49 c1 e5 06 

Register to memory mapping:

RAX=0x00007fd77b005400 is an unknown value
RBX=0x00007fffbf98d480: _ZN12_GLOBAL__N_1L12SideTableBufE+0 in /usr/lib/libobjc.A.dylib at 0x00007fffb6235000
RCX=0x0000000000000000 is an unknown value
RDX=0x00007ffffffffff8 is an unknown value
RSP=0x00007fff5a2249a0 is pointing into the stack for thread: 0x00007fd77c088000
RBP=0x00007fff5a224a20 is pointing into the stack for thread: 0x00007fd77c088000
RSI=0x00007fd77b005800 is a thread
RDI=0x00007fffbf98d480: _ZN12_GLOBAL__N_1L12SideTableBufE+0 in /usr/lib/libobjc.A.dylib at 0x00007fffb6235000
R8 =0x000000000000003f is an unknown value
R9 =0x00007fd77a468cf0 is an unknown value
R10=0x0000000000000013 is an unknown value
R11=0x00007fd77b14c530 is an unknown value
R12=0x00007fffbf98dec0: _ZN12_GLOBAL__N_1L12SideTableBufE+0xa40 in /usr/lib/libobjc.A.dylib at 0x00007fffb6235000
R13=0x0000000000000000 is an unknown value
R14=0x00007fd77a667110 is an unknown value
R15=0x0000000000000000 is an unknown value


Stack: [0x00007fff59a2b000,0x00007fff5a22b000],  sp=0x00007fff5a2249a0,  free space=8166k
Native frames: (J=compiled Java code, j=interpreted, Vv=VM code, C=native code)
C  [libobjc.A.dylib+0xbd08]  objc_storeWeak+0x16e
C  [Foundation+0x17def]  -[NSConcreteMapTable setObject:forKey:]+0x6a
C  [AppKit+0x322a3f]  -[NSView(NSOpenGLContextAssociation) _setOpenGLContext:]+0x9b
C  [AppKit+0x6eff5b]  __27-[NSOpenGLContext setView:]_block_invoke+0xef
C  [AppKit+0x17a118]  NSPerformVisuallyAtomicChange+0x93
C  [AppKit+0x32287c]  -[NSOpenGLContext setView:]+0x69
C  [liblwjgl.dylib+0xa586]  -[MacOSXOpenGLView lockFocus]+0x76
C  [AppKit+0x19d24b]  -[NSView _recursiveDisplayRectIfNeededIgnoringOpacity:isVisibleRect:rectIsVisibleRectForView:topView:]+0x6ee
C  [AppKit+0x19daa1]  -[NSView _recursiveDisplayRectIfNeededIgnoringOpacity:isVisibleRect:rectIsVisibleRectForView:topView:]+0xf44
C  [AppKit+0x19c67f]  -[NSThemeFrame _recursiveDisplayRectIfNeededIgnoringOpacity:isVisibleRect:rectIsVisibleRectForView:topView:]+0x14e
C  [AppKit+0x19aaa8]  -[NSView _displayRectIgnoringOpacity:isVisibleRect:rectIsVisibleRectForView:]+0x994
C  [AppKit+0x19639a]  -[NSView displayIfNeeded]+0x6d4
C  [AppKit+0x195cab]  -[NSWindow displayIfNeeded]+0xe6
C  [AppKit+0x8f5d24]  ___NSWindowGetDisplayCycleObserver_block_invoke.6228+0x115
C  [AppKit+0x195789]  __37+[NSDisplayCycle currentDisplayCycle]_block_invoke+0x1c6
C  [QuartzCore+0x11dc6]  _ZN2CA11Transaction19run_commit_handlersE18CATransactionPhase+0x2e
C  [QuartzCore+0x11b8f0]  _ZN2CA7Context18commit_transactionEPNS_11TransactionE+0xa0
C  [QuartzCore+0x108a1]  _ZN2CA11Transaction6commitEv+0x1db
C  [AppKit+0x478b99]  __37+[NSDisplayCycle currentDisplayCycle]_block_invoke.31+0x143
C  [CoreFoundation+0xa6dd7]  __CFRUNLOOP_IS_CALLING_OUT_TO_AN_OBSERVER_CALLBACK_FUNCTION__+0x17
C  [CoreFoundation+0xa6d47]  __CFRunLoopDoObservers+0x187
C  [CoreFoundation+0x87789]  __CFRunLoopRun+0x369
C  [CoreFoundation+0x871c4]  CFRunLoopRunSpecific+0x1a4
C  [HIToolbox+0x30ebc]  RunCurrentEventLoopInMode+0xf0
C  [HIToolbox+0x30bf9]  ReceiveNextEventCommon+0xb8
C  [HIToolbox+0x30b26]  _BlockUntilNextEventMatchingListInModeWithFilter+0x47
C  [AppKit+0x46e24]  _DPSNextEvent+0x460
C  [AppKit+0x7c285e]  -[NSApplication(NSEvent) _nextEventMatchingEventMask:untilDate:inMode:dequeue:]+0xaec
C  [libosxapp.dylib+0x23aa]  -[NSApplicationAWT nextEventMatchingMask:untilDate:inMode:dequeue:]+0x7c
C  [AppKit+0x3b7ab]  -[NSApplication run]+0x39e
C  [libosxapp.dylib+0x214d]  +[NSApplicationAWT runAWTLoopWithApp:]+0x9c
C  [libawt_lwawt.dylib+0x444b3]  -[AWTStarter starter:]+0x389
C  [Foundation+0x7184a]  __NSThreadPerformPerform+0x146
C  [CoreFoundation+0xa73c1]  __CFRUNLOOP_IS_CALLING_OUT_TO_A_SOURCE0_PERFORM_FUNCTION__+0x11
C  [CoreFoundation+0x882cd]  __CFRunLoopDoSources0+0x22d
C  [CoreFoundation+0x877c6]  __CFRunLoopRun+0x3a6
C  [CoreFoundation+0x871c4]  CFRunLoopRunSpecific+0x1a4
C  [java+0x6465]  CreateExecutionEnvironment+0x367
C  [java+0x218c]  JLI_Launch+0x7a0
C  [java+0x84c2]  main+0x65
C  [java+0x19e4]  start+0x34
C  0x0000000000000009


---------------  P R O C E S S  ---------------

Java Threads: ( => current thread )
  0x00007fd77c08d000 JavaThread "AWT-Shutdown" [_thread_blocked, id=30239, stack(0x0000700003324000,0x0000700003424000)]
=>0x00007fd77c088000 JavaThread "AppKit Thread" daemon [_thread_in_native, id=775, stack(0x00007fff59a2b000,0x00007fff5a22b000)]
  0x00007fd77a87e800 JavaThread "Monitor Ctrl-Break" daemon [_thread_in_native, id=19459, stack(0x000070000319e000,0x000070000329e000)]
  0x00007fd77c043000 JavaThread "Service Thread" daemon [_thread_blocked, id=18435, stack(0x0000700002f98000,0x0000700003098000)]
  0x00007fd77c042000 JavaThread "C1 CompilerThread2" daemon [_thread_blocked, id=17923, stack(0x0000700002e95000,0x0000700002f95000)]
  0x00007fd77c041800 JavaThread "C2 CompilerThread1" daemon [_thread_blocked, id=17411, stack(0x0000700002d92000,0x0000700002e92000)]
  0x00007fd77c00d000 JavaThread "C2 CompilerThread0" daemon [_thread_blocked, id=16899, stack(0x0000700002c8f000,0x0000700002d8f000)]
  0x00007fd77b017800 JavaThread "Signal Dispatcher" daemon [_thread_blocked, id=16387, stack(0x0000700002b8c000,0x0000700002c8c000)]
  0x00007fd77b80b800 JavaThread "Finalizer" daemon [_thread_blocked, id=12547, stack(0x0000700002a89000,0x0000700002b89000)]
  0x00007fd77c005000 JavaThread "Reference Handler" daemon [_thread_blocked, id=12035, stack(0x0000700002986000,0x0000700002a86000)]
  0x00007fd77b005800 JavaThread "main" [_thread_in_native, id=3587, stack(0x00007000021eb000,0x00007000022eb000)]

Other Threads:
  0x00007fd77b017000 VMThread [stack: 0x0000700002883000,0x0000700002983000] [id=11523]
  0x00007fd77b035800 WatcherThread [stack: 0x000070000309b000,0x000070000319b000] [id=18947]

VM state:not at safepoint (normal execution)

VM Mutex/Monitor currently owned by a thread: None

Heap:
 PSYoungGen      total 76288K, used 19661K [0x000000076ab00000, 0x0000000770000000, 0x00000007c0000000)
  eden space 65536K, 30% used [0x000000076ab00000,0x000000076be33560,0x000000076eb00000)
  from space 10752K, 0% used [0x000000076f580000,0x000000076f580000,0x0000000770000000)
  to   space 10752K, 0% used [0x000000076eb00000,0x000000076eb00000,0x000000076f580000)
 ParOldGen       total 175104K, used 0K [0x00000006c0000000, 0x00000006cab00000, 0x000000076ab00000)
  object space 175104K, 0% used [0x00000006c0000000,0x00000006c0000000,0x00000006cab00000)
 Metaspace       used 8824K, capacity 8975K, committed 9216K, reserved 1056768K
  class space    used 894K, capacity 954K, committed 1024K, reserved 1048576K

Card table byte_map: [0x00000001077c0000,0x0000000107fc1000] byte_map_base: 0x00000001041c0000

Marking Bits: (ParMarkBitMap*) 0x000000010633abd0
 Begin Bits: [0x000000011df4d000, 0x0000000121f4d000)
 End Bits:   [0x0000000121f4d000, 0x0000000125f4d000)

Polling page: 0x0000000106a2c000

CodeCache: size=245760Kb used=3579Kb max_used=3591Kb free=242180Kb
 bounds [0x000000010ef4d000, 0x000000010f2dd000, 0x000000011df4d000]
 total_blobs=1328 nmethods=915 adapters=327
 compilation: enabled

Compilation events (10 events):
Event: 10.048 Thread 0x00007fd77c042000  913       3       org.newdawn.slick.opengl.renderer.DefaultLineStripRenderer::setAntiAlias (32 bytes)
Event: 10.049 Thread 0x00007fd77c042000 nmethod 913 0x000000010f2c98d0 code [0x000000010f2c9b80, 0x000000010f2cab38]
Event: 10.049 Thread 0x00007fd77c042000  914       3       org.newdawn.slick.state.StateBasedGame::render (107 bytes)
Event: 10.049 Thread 0x00007fd77c042000 nmethod 914 0x000000010f2cb750 code [0x000000010f2cb920, 0x000000010f2cc0e8]
Event: 10.049 Thread 0x00007fd77c042000  915       3       org.newdawn.slick.state.StateBasedGame::preRenderState (1 bytes)
Event: 10.049 Thread 0x00007fd77c042000 nmethod 915 0x000000010f2cc410 code [0x000000010f2cc560, 0x000000010f2cc6b0]
Event: 10.049 Thread 0x00007fd77c042000  916       3       org.newdawn.slick.state.StateBasedGame::postRenderState (1 bytes)
Event: 10.049 Thread 0x00007fd77c042000 nmethod 916 0x000000010f2cc750 code [0x000000010f2cc8a0, 0x000000010f2cc9f0]
Event: 10.049 Thread 0x00007fd77c042000  907       3       org.newdawn.slick.state.StateBasedGame::update (166 bytes)
Event: 10.050 Thread 0x00007fd77c042000 nmethod 907 0x000000010f2cca90 code [0x000000010f2ccc80, 0x000000010f2cd768]

GC Heap History (0 events):
No events

Deoptimization events (1 events):
Event: 0.726 Thread 0x00007fd77b005800 Uncommon trap: reason=unstable_if action=reinterpret pc=0x000000010f0f911c method=java.lang.String.replace(CC)Ljava/lang/String; @ 26

Internal exceptions (10 events):
Event: 0.046 Thread 0x00007fd77b005800 Exception <a 'java/lang/NoSuchMethodError': Method sun.misc.Unsafe.defineClass(Ljava/lang/String;[BII)Ljava/lang/Class; name or signature does not match> (0x000000076ab07cc0) thrown at [/Users/java_re/workspace/8-2-build-macosx-x86_64/jdk8u92/6642/hotspot
Event: 0.046 Thread 0x00007fd77b005800 Exception <a 'java/lang/NoSuchMethodError': Method sun.misc.Unsafe.prefetchRead(Ljava/lang/Object;J)V name or signature does not match> (0x000000076ab07fa8) thrown at [/Users/java_re/workspace/8-2-build-macosx-x86_64/jdk8u92/6642/hotspot/src/share/vm/prim
Event: 0.349 Thread 0x00007fd77b005800 Exception <a 'java/security/PrivilegedActionException'> (0x000000076afa4278) thrown at [/Users/java_re/workspace/8-2-build-macosx-x86_64/jdk8u92/6642/hotspot/src/share/vm/prims/jvm.cpp, line 1386]
Event: 0.349 Thread 0x00007fd77b005800 Exception <a 'java/security/PrivilegedActionException'> (0x000000076afa4670) thrown at [/Users/java_re/workspace/8-2-build-macosx-x86_64/jdk8u92/6642/hotspot/src/share/vm/prims/jvm.cpp, line 1386]
Event: 0.350 Thread 0x00007fd77b005800 Exception <a 'java/security/PrivilegedActionException'> (0x000000076afa7af8) thrown at [/Users/java_re/workspace/8-2-build-macosx-x86_64/jdk8u92/6642/hotspot/src/share/vm/prims/jvm.cpp, line 1386]
Event: 0.350 Thread 0x00007fd77b005800 Exception <a 'java/security/PrivilegedActionException'> (0x000000076afa7ef0) thrown at [/Users/java_re/workspace/8-2-build-macosx-x86_64/jdk8u92/6642/hotspot/src/share/vm/prims/jvm.cpp, line 1386]
Event: 0.423 Thread 0x00007fd77b005800 Exception <a 'java/lang/NoSuchFieldError': method resolution failed> (0x000000076b074d60) thrown at [/Users/java_re/workspace/8-2-build-macosx-x86_64/jdk8u92/6642/hotspot/src/share/vm/prims/methodHandles.cpp, line 1146]
Event: 0.427 Thread 0x00007fd77b005800 Exception <a 'java/lang/NoSuchFieldError': method resolution failed> (0x000000076b0824b0) thrown at [/Users/java_re/workspace/8-2-build-macosx-x86_64/jdk8u92/6642/hotspot/src/share/vm/prims/methodHandles.cpp, line 1146]
Event: 0.698 Thread 0x00007fd77b005800 Exception <a 'java/io/FileNotFoundException'> (0x000000076b0fdb40) thrown at [/Users/java_re/workspace/8-2-build-macosx-x86_64/jdk8u92/6642/hotspot/src/share/vm/prims/jni.cpp, line 709]
Event: 0.698 Thread 0x00007fd77b005800 Exception <a 'java/io/FileNotFoundException'> (0x000000076b0fe6a0) thrown at [/Users/java_re/workspace/8-2-build-macosx-x86_64/jdk8u92/6642/hotspot/src/share/vm/prims/jni.cpp, line 709]

Events (10 events):
Event: 2.165 loading class sun/misc/FloatingDecimal$ASCIIToBinaryConverter done
Event: 2.165 loading class sun/misc/FloatingDecimal$PreparedASCIIToBinaryBuffer done
Event: 2.544 loading class sun/misc/FDBigInteger
Event: 2.544 loading class sun/misc/FDBigInteger done
Event: 3.073 Thread 0x00007fd77b005800 DEOPT PACKING pc=0x000000010f22c4d3 sp=0x00007000022e9cd0
Event: 3.073 Thread 0x00007fd77b005800 DEOPT UNPACKING pc=0x000000010ef94633 sp=0x00007000022e9b00 mode 0
Event: 4.234 Executing VM operation: EnableBiasedLocking
Event: 4.234 Executing VM operation: EnableBiasedLocking done
Event: 10.374 loading class org/lwjgl/opengl/CallbackUtil
Event: 10.374 loading class org/lwjgl/opengl/CallbackUtil done


Dynamic libraries:
0x000000002bfd1000 	/System/Library/Frameworks/Cocoa.framework/Versions/A/Cocoa
0x000000002bfd1000 	/System/Library/Frameworks/Security.framework/Versions/A/Security
0x000000002bfd1000 	/System/Library/Frameworks/ApplicationServices.framework/Versions/A/ApplicationServices
0x000000002bfd1000 	/usr/lib/libz.1.dylib
0x000000002bfd1000 	/usr/lib/libSystem.B.dylib
0x000000002bfd1000 	/usr/lib/libobjc.A.dylib
0x000000002bfd1000 	/System/Library/Frameworks/CoreFoundation.framework/Versions/A/CoreFoundation
0x000000002bfd1000 	/System/Library/Frameworks/Foundation.framework/Versions/C/Foundation
0x000000002bfd1000 	/System/Library/Frameworks/AppKit.framework/Versions/C/AppKit
0x000000002bfd1000 	/System/Library/Frameworks/CoreData.framework/Versions/A/CoreData
0x000000002bfd1000 	/System/Library/PrivateFrameworks/RemoteViewServices.framework/Versions/A/RemoteViewServices
0x000000002bfd1000 	/System/Library/PrivateFrameworks/UIFoundation.framework/Versions/A/UIFoundation
0x000000002bfd1000 	/System/Library/PrivateFrameworks/DFRFoundation.framework/Versions/A/DFRFoundation
0x000000002bfd1000 	/usr/lib/libenergytrace.dylib
0x000000002bfd1000 	/System/Library/PrivateFrameworks/SkyLight.framework/Versions/A/SkyLight
0x000000002bfd1000 	/System/Library/Frameworks/CoreGraphics.framework/Versions/A/CoreGraphics
0x000000002bfd1000 	/usr/lib/libScreenReader.dylib
0x000000002bfd1000 	/System/Library/Frameworks/Accelerate.framework/Versions/A/Accelerate
0x000000002bfd1000 	/System/Library/Frameworks/IOSurface.framework/Versions/A/IOSurface
0x000000002bfd1000 	/System/Library/Frameworks/AudioToolbox.framework/Versions/A/AudioToolbox
0x000000002bfd1000 	/System/Library/Frameworks/AudioUnit.framework/Versions/A/AudioUnit
0x000000002bfd1000 	/System/Library/PrivateFrameworks/DataDetectorsCore.framework/Versions/A/DataDetectorsCore
0x000000002bfd1000 	/System/Library/PrivateFrameworks/DesktopServicesPriv.framework/Versions/A/DesktopServicesPriv
0x000000002bfd1000 	/System/Library/Frameworks/Carbon.framework/Versions/A/Frameworks/HIToolbox.framework/Versions/A/HIToolbox
0x000000002bfd1000 	/usr/lib/libicucore.A.dylib
0x000000002bfd1000 	/System/Library/Frameworks/QuartzCore.framework/Versions/A/QuartzCore
0x000000002bfd1000 	/System/Library/Frameworks/Carbon.framework/Versions/A/Frameworks/SpeechRecognition.framework/Versions/A/SpeechRecognition
0x000000002bfd1000 	/usr/lib/libauto.dylib
0x000000002bfd1000 	/usr/lib/libxml2.2.dylib
0x000000002bfd1000 	/System/Library/PrivateFrameworks/CoreUI.framework/Versions/A/CoreUI
0x000000002bfd1000 	/System/Library/Frameworks/CoreAudio.framework/Versions/A/CoreAudio
0x000000002bfd1000 	/System/Library/Frameworks/DiskArbitration.framework/Versions/A/DiskArbitration
0x000000002bfd1000 	/usr/lib/liblangid.dylib
0x000000002bfd1000 	/System/Library/PrivateFrameworks/MultitouchSupport.framework/Versions/A/MultitouchSupport
0x000000002bfd1000 	/System/Library/Frameworks/IOKit.framework/Versions/A/IOKit
0x000000002bfd1000 	/usr/lib/libDiagnosticMessagesClient.dylib
0x000000002bfd1000 	/System/Library/Frameworks/CoreServices.framework/Versions/A/CoreServices
0x000000002bfd1000 	/System/Library/PrivateFrameworks/PerformanceAnalysis.framework/Versions/A/PerformanceAnalysis
0x000000002bfd1000 	/System/Library/PrivateFrameworks/GenerationalStorage.framework/Versions/A/GenerationalStorage
0x000000002bfd1000 	/System/Library/Frameworks/OpenGL.framework/Versions/A/OpenGL
0x000000002bfd1000 	/System/Library/Frameworks/CoreImage.framework/Versions/A/CoreImage
0x000000002bfd1000 	/System/Library/Frameworks/CoreText.framework/Versions/A/CoreText
0x000000002bfd1000 	/System/Library/Frameworks/ImageIO.framework/Versions/A/ImageIO
0x000000002bfd1000 	/System/Library/PrivateFrameworks/Backup.framework/Versions/A/Backup
0x000000002bfd1000 	/usr/lib/libarchive.2.dylib
0x000000002bfd1000 	/System/Library/Frameworks/CFNetwork.framework/Versions/A/CFNetwork
0x000000002bfd1000 	/System/Library/Frameworks/SystemConfiguration.framework/Versions/A/SystemConfiguration
0x000000002bfd1000 	/usr/lib/libCRFSuite.dylib
0x000000002bfd1000 	/usr/lib/libc++.1.dylib
0x000000002bfd1000 	/usr/lib/libc++abi.dylib
0x000000002bfd1000 	/usr/lib/system/libcache.dylib
0x000000002bfd1000 	/usr/lib/system/libcommonCrypto.dylib
0x000000002bfd1000 	/usr/lib/system/libcompiler_rt.dylib
0x000000002bfd1000 	/usr/lib/system/libcopyfile.dylib
0x000000002bfd1000 	/usr/lib/system/libcorecrypto.dylib
0x000000002bfd1000 	/usr/lib/system/libdispatch.dylib
0x000000002bfd1000 	/usr/lib/system/libdyld.dylib
0x000000002bfd1000 	/usr/lib/system/libkeymgr.dylib
0x000000002bfd1000 	/usr/lib/system/liblaunch.dylib
0x000000002bfd1000 	/usr/lib/system/libmacho.dylib
0x000000002bfd1000 	/usr/lib/system/libquarantine.dylib
0x000000002bfd1000 	/usr/lib/system/libremovefile.dylib
0x000000002bfd1000 	/usr/lib/system/libsystem_asl.dylib
0x000000002bfd1000 	/usr/lib/system/libsystem_blocks.dylib
0x000000002bfd1000 	/usr/lib/system/libsystem_c.dylib
0x000000002bfd1000 	/usr/lib/system/libsystem_configuration.dylib
0x000000002bfd1000 	/usr/lib/system/libsystem_coreservices.dylib
0x000000002bfd1000 	/usr/lib/system/libsystem_coretls.dylib
0x000000002bfd1000 	/usr/lib/system/libsystem_dnssd.dylib
0x000000002bfd1000 	/usr/lib/system/libsystem_info.dylib
0x000000002bfd1000 	/usr/lib/system/libsystem_kernel.dylib
0x000000002bfd1000 	/usr/lib/system/libsystem_m.dylib
0x000000002bfd1000 	/usr/lib/system/libsystem_malloc.dylib
0x000000002bfd1000 	/usr/lib/system/libsystem_network.dylib
0x000000002bfd1000 	/usr/lib/system/libsystem_networkextension.dylib
0x000000002bfd1000 	/usr/lib/system/libsystem_notify.dylib
0x000000002bfd1000 	/usr/lib/system/libsystem_platform.dylib
0x000000002bfd1000 	/usr/lib/system/libsystem_pthread.dylib
0x000000002bfd1000 	/usr/lib/system/libsystem_sandbox.dylib
0x000000002bfd1000 	/usr/lib/system/libsystem_secinit.dylib
0x000000002bfd1000 	/usr/lib/system/libsystem_symptoms.dylib
0x000000002bfd1000 	/usr/lib/system/libsystem_trace.dylib
0x000000002bfd1000 	/usr/lib/system/libunwind.dylib
0x000000002bfd1000 	/usr/lib/system/libxpc.dylib
0x000000002bfd1000 	/usr/lib/libbsm.0.dylib
0x000000002bfd1000 	/usr/lib/system/libkxld.dylib
0x000000002bfd1000 	/usr/lib/libcoretls.dylib
0x000000002bfd1000 	/usr/lib/libcoretls_cfhelpers.dylib
0x000000002bfd1000 	/usr/lib/libOpenScriptingUtil.dylib
0x000000002bfd1000 	/usr/lib/libpam.2.dylib
0x000000002bfd1000 	/usr/lib/libsqlite3.dylib
0x000000002bfd1000 	/usr/lib/libxar.1.dylib
0x000000002bfd1000 	/usr/lib/libbz2.1.0.dylib
0x000000002bfd1000 	/usr/lib/liblzma.5.dylib
0x000000002bfd1000 	/usr/lib/libnetwork.dylib
0x000000002bfd1000 	/usr/lib/libpcap.A.dylib
0x000000002bfd1000 	/System/Library/Frameworks/CoreServices.framework/Versions/A/Frameworks/FSEvents.framework/Versions/A/FSEvents
0x000000002bfd1000 	/System/Library/Frameworks/CoreServices.framework/Versions/A/Frameworks/CarbonCore.framework/Versions/A/CarbonCore
0x000000002bfd1000 	/System/Library/Frameworks/CoreServices.framework/Versions/A/Frameworks/Metadata.framework/Versions/A/Metadata
0x000000002bfd1000 	/System/Library/Frameworks/CoreServices.framework/Versions/A/Frameworks/OSServices.framework/Versions/A/OSServices
0x000000002bfd1000 	/System/Library/Frameworks/CoreServices.framework/Versions/A/Frameworks/SearchKit.framework/Versions/A/SearchKit
0x000000002bfd1000 	/System/Library/Frameworks/CoreServices.framework/Versions/A/Frameworks/AE.framework/Versions/A/AE
0x000000002bfd1000 	/System/Library/Frameworks/CoreServices.framework/Versions/A/Frameworks/LaunchServices.framework/Versions/A/LaunchServices
0x000000002bfd1000 	/System/Library/Frameworks/CoreServices.framework/Versions/A/Frameworks/DictionaryServices.framework/Versions/A/DictionaryServices
0x000000002bfd1000 	/System/Library/Frameworks/CoreServices.framework/Versions/A/Frameworks/SharedFileList.framework/Versions/A/SharedFileList
0x000000002bfd1000 	/System/Library/Frameworks/NetFS.framework/Versions/A/NetFS
0x000000002bfd1000 	/System/Library/PrivateFrameworks/NetAuth.framework/Versions/A/NetAuth
0x000000002bfd1000 	/System/Library/PrivateFrameworks/login.framework/Versions/A/Frameworks/loginsupport.framework/Versions/A/loginsupport
0x000000002bfd1000 	/System/Library/PrivateFrameworks/TCC.framework/Versions/A/TCC
0x000000002bfd1000 	/usr/lib/libmecabra.dylib
0x000000002bfd1000 	/System/Library/Frameworks/ApplicationServices.framework/Versions/A/Frameworks/ATS.framework/Versions/A/ATS
0x000000002bfd1000 	/System/Library/Frameworks/ApplicationServices.framework/Versions/A/Frameworks/ColorSync.framework/Versions/A/ColorSync
0x000000002bfd1000 	/System/Library/Frameworks/ApplicationServices.framework/Versions/A/Frameworks/HIServices.framework/Versions/A/HIServices
0x000000002bfd1000 	/System/Library/Frameworks/ApplicationServices.framework/Versions/A/Frameworks/LangAnalysis.framework/Versions/A/LangAnalysis
0x000000002bfd1000 	/System/Library/Frameworks/ApplicationServices.framework/Versions/A/Frameworks/PrintCore.framework/Versions/A/PrintCore
0x000000002bfd1000 	/System/Library/Frameworks/ApplicationServices.framework/Versions/A/Frameworks/QD.framework/Versions/A/QD
0x000000002bfd1000 	/System/Library/Frameworks/ApplicationServices.framework/Versions/A/Frameworks/SpeechSynthesis.framework/Versions/A/SpeechSynthesis
0x000000002bfd1000 	/System/Library/Frameworks/Accelerate.framework/Versions/A/Frameworks/vImage.framework/Versions/A/vImage
0x000000002bfd1000 	/System/Library/Frameworks/Accelerate.framework/Versions/A/Frameworks/vecLib.framework/Versions/A/vecLib
0x000000002bfd1000 	/System/Library/Frameworks/Accelerate.framework/Versions/A/Frameworks/vecLib.framework/Versions/A/libvDSP.dylib
0x000000002bfd1000 	/System/Library/Frameworks/Accelerate.framework/Versions/A/Frameworks/vecLib.framework/Versions/A/libBNNS.dylib
0x000000002bfd1000 	/System/Library/Frameworks/Accelerate.framework/Versions/A/Frameworks/vecLib.framework/Versions/A/libQuadrature.dylib
0x000000002bfd1000 	/System/Library/Frameworks/Accelerate.framework/Versions/A/Frameworks/vecLib.framework/Versions/A/libvMisc.dylib
0x000000002bfd1000 	/System/Library/Frameworks/Accelerate.framework/Versions/A/Frameworks/vecLib.framework/Versions/A/libLAPACK.dylib
0x000000002bfd1000 	/System/Library/Frameworks/Accelerate.framework/Versions/A/Frameworks/vecLib.framework/Versions/A/libBLAS.dylib
0x000000002bfd1000 	/System/Library/Frameworks/Accelerate.framework/Versions/A/Frameworks/vecLib.framework/Versions/A/libLinearAlgebra.dylib
0x000000002bfd1000 	/System/Library/Frameworks/Accelerate.framework/Versions/A/Frameworks/vecLib.framework/Versions/A/libSparseBLAS.dylib
0x000000002bfd1000 	/System/Library/Frameworks/ApplicationServices.framework/Versions/A/Frameworks/ATS.framework/Versions/A/Resources/libFontParser.dylib
0x000000002bfd1000 	/System/Library/Frameworks/ApplicationServices.framework/Versions/A/Frameworks/ATS.framework/Versions/A/Resources/libFontRegistry.dylib
0x000000002bfd1000 	/System/Library/Frameworks/ImageIO.framework/Versions/A/Resources/libJPEG.dylib
0x000000002bfd1000 	/System/Library/Frameworks/ImageIO.framework/Versions/A/Resources/libTIFF.dylib
0x000000002bfd1000 	/System/Library/Frameworks/ImageIO.framework/Versions/A/Resources/libPng.dylib
0x000000002bfd1000 	/System/Library/Frameworks/ImageIO.framework/Versions/A/Resources/libGIF.dylib
0x000000002bfd1000 	/System/Library/Frameworks/ImageIO.framework/Versions/A/Resources/libJP2.dylib
0x000000002bfd1000 	/System/Library/Frameworks/ImageIO.framework/Versions/A/Resources/libRadiance.dylib
0x000000002bfd1000 	/usr/lib/libcompression.dylib
0x000000002bfd1000 	/System/Library/PrivateFrameworks/AppleJPEG.framework/Versions/A/AppleJPEG
0x000000002bfd1000 	/usr/lib/libcups.2.dylib
0x000000002bfd1000 	/System/Library/Frameworks/Kerberos.framework/Versions/A/Kerberos
0x000000002bfd1000 	/System/Library/Frameworks/GSS.framework/Versions/A/GSS
0x000000002bfd1000 	/usr/lib/libresolv.9.dylib
0x000000002bfd1000 	/usr/lib/libiconv.2.dylib
0x000000002bfd1000 	/System/Library/PrivateFrameworks/Heimdal.framework/Versions/A/Heimdal
0x000000002bfd1000 	/usr/lib/libheimdal-asn1.dylib
0x000000002bfd1000 	/System/Library/Frameworks/OpenDirectory.framework/Versions/A/OpenDirectory
0x000000002bfd1000 	/System/Library/PrivateFrameworks/CommonAuth.framework/Versions/A/CommonAuth
0x000000002bfd1000 	/System/Library/Frameworks/OpenDirectory.framework/Versions/A/Frameworks/CFOpenDirectory.framework/Versions/A/CFOpenDirectory
0x000000002bfd1000 	/System/Library/Frameworks/SecurityFoundation.framework/Versions/A/SecurityFoundation
0x000000002bfd1000 	/System/Library/PrivateFrameworks/LanguageModeling.framework/Versions/A/LanguageModeling
0x000000002bfd1000 	/usr/lib/libmarisa.dylib
0x000000002bfd1000 	/usr/lib/libChineseTokenizer.dylib
0x000000002bfd1000 	/usr/lib/libcmph.dylib
0x000000002bfd1000 	/System/Library/PrivateFrameworks/CoreEmoji.framework/Versions/A/CoreEmoji
0x000000002bfd1000 	/System/Library/Frameworks/ServiceManagement.framework/Versions/A/ServiceManagement
0x000000002bfd1000 	/usr/lib/libxslt.1.dylib
0x000000002bfd1000 	/System/Library/Frameworks/Carbon.framework/Versions/A/Frameworks/Ink.framework/Versions/A/Ink
0x000000002bfd1000 	/System/Library/PrivateFrameworks/TextureIO.framework/Versions/A/TextureIO
0x000000002bfd1000 	/System/Library/Frameworks/Metal.framework/Versions/A/Metal
0x000000002bfd1000 	/usr/lib/libate.dylib
0x000000002bfd1000 	/System/Library/PrivateFrameworks/GPUCompiler.framework/libmetal_timestamp.dylib
0x000000002bfd1000 	/System/Library/Frameworks/OpenGL.framework/Versions/A/Libraries/libCoreFSCache.dylib
0x000000002bfd1000 	/System/Library/PrivateFrameworks/IOAccelerator.framework/Versions/A/IOAccelerator
0x000000002bfd1000 	/System/Library/Frameworks/CoreVideo.framework/Versions/A/CoreVideo
0x000000002bfd1000 	/usr/lib/libFosl_dynamic.dylib
0x000000002bfd1000 	/System/Library/PrivateFrameworks/MetalPerformanceShaders.framework/Versions/A/MetalPerformanceShaders
0x000000002bfd1000 	/System/Library/PrivateFrameworks/FaceCore.framework/Versions/A/FaceCore
0x000000002bfd1000 	/System/Library/Frameworks/OpenCL.framework/Versions/A/OpenCL
0x000000002bfd1000 	/System/Library/Frameworks/OpenGL.framework/Versions/A/Libraries/libGLU.dylib
0x000000002bfd1000 	/System/Library/Frameworks/OpenGL.framework/Versions/A/Libraries/libGFXShared.dylib
0x000000002bfd1000 	/System/Library/Frameworks/OpenGL.framework/Versions/A/Libraries/libGL.dylib
0x000000002bfd1000 	/System/Library/Frameworks/OpenGL.framework/Versions/A/Libraries/libGLImage.dylib
0x000000002bfd1000 	/System/Library/Frameworks/OpenGL.framework/Versions/A/Libraries/libCVMSPluginSupport.dylib
0x000000002bfd1000 	/System/Library/Frameworks/OpenGL.framework/Versions/A/Libraries/libCoreVMClient.dylib
0x000000002bfd1000 	/System/Library/PrivateFrameworks/CrashReporterSupport.framework/Versions/A/CrashReporterSupport
0x000000002bfd1000 	/System/Library/PrivateFrameworks/Sharing.framework/Versions/A/Sharing
0x000000002bfd1000 	/System/Library/PrivateFrameworks/IconServices.framework/Versions/A/IconServices
0x000000002bfd1000 	/System/Library/PrivateFrameworks/ProtocolBuffer.framework/Versions/A/ProtocolBuffer
0x000000002bfd1000 	/System/Library/PrivateFrameworks/Apple80211.framework/Versions/A/Apple80211
0x000000002bfd1000 	/System/Library/Frameworks/CoreWLAN.framework/Versions/A/CoreWLAN
0x000000002bfd1000 	/System/Library/PrivateFrameworks/CoreUtils.framework/Versions/A/CoreUtils
0x000000002bfd1000 	/System/Library/Frameworks/IOBluetooth.framework/Versions/A/IOBluetooth
0x000000002bfd1000 	/System/Library/PrivateFrameworks/CoreWiFi.framework/Versions/A/CoreWiFi
0x000000002bfd1000 	/System/Library/Frameworks/CoreBluetooth.framework/Versions/A/CoreBluetooth
0x000000002bfd1000 	/System/Library/Frameworks/CoreDisplay.framework/Versions/A/CoreDisplay
0x000000002bfd1000 	/System/Library/PrivateFrameworks/IOPresentment.framework/Versions/A/IOPresentment
0x000000002bfd1000 	/System/Library/PrivateFrameworks/DSExternalDisplay.framework/Versions/A/DSExternalDisplay
0x000000002bfd1000 	/System/Library/PrivateFrameworks/DebugSymbols.framework/Versions/A/DebugSymbols
0x000000002bfd1000 	/System/Library/PrivateFrameworks/CoreSymbolication.framework/Versions/A/CoreSymbolication
0x000000002bfd1000 	/System/Library/PrivateFrameworks/Symbolication.framework/Versions/A/Symbolication
0x000000002bfd1000 	/System/Library/PrivateFrameworks/AppleFSCompression.framework/Versions/A/AppleFSCompression
0x000000002bfd1000 	/System/Library/PrivateFrameworks/SpeechRecognitionCore.framework/Versions/A/SpeechRecognitionCore
0x000000002bfd1000 	/System/Library/PrivateFrameworks/ChunkingLibrary.framework/Versions/A/ChunkingLibrary
0x0000000105a52000 	/Library/Java/JavaVirtualMachines/jdk1.8.0_92.jdk/Contents/Home/jre/lib/server/libjvm.dylib
0x000000002bfd1000 	/usr/lib/libstdc++.6.dylib
0x00000001069e9000 	/Library/Java/JavaVirtualMachines/jdk1.8.0_92.jdk/Contents/Home/jre/lib/libverify.dylib
0x00000001069f7000 	/Library/Java/JavaVirtualMachines/jdk1.8.0_92.jdk/Contents/Home/jre/lib/libjava.dylib
0x0000000106a36000 	/Library/Java/JavaVirtualMachines/jdk1.8.0_92.jdk/Contents/Home/jre/lib/libzip.dylib
0x000000010a67b000 	/System/Library/Frameworks/JavaVM.framework/Frameworks/JavaRuntimeSupport.framework/JavaRuntimeSupport
0x000000010a695000 	/System/Library/Frameworks/JavaVM.framework/Versions/A/Frameworks/JavaNativeFoundation.framework/Versions/A/JavaNativeFoundation
0x000000010a6aa000 	/System/Library/Frameworks/JavaVM.framework/Versions/A/JavaVM
0x000000002bfd1000 	/System/Library/Frameworks/Carbon.framework/Versions/A/Carbon
0x000000010a6b7000 	/System/Library/PrivateFrameworks/JavaLaunching.framework/Versions/A/JavaLaunching
0x000000002bfd1000 	/System/Library/Frameworks/Carbon.framework/Versions/A/Frameworks/CommonPanels.framework/Versions/A/CommonPanels
0x000000002bfd1000 	/System/Library/Frameworks/Carbon.framework/Versions/A/Frameworks/Help.framework/Versions/A/Help
0x000000002bfd1000 	/System/Library/Frameworks/Carbon.framework/Versions/A/Frameworks/ImageCapture.framework/Versions/A/ImageCapture
0x000000002bfd1000 	/System/Library/Frameworks/Carbon.framework/Versions/A/Frameworks/OpenScripting.framework/Versions/A/OpenScripting
0x000000002bfd1000 	/System/Library/Frameworks/Carbon.framework/Versions/A/Frameworks/Print.framework/Versions/A/Print
0x000000002bfd1000 	/System/Library/Frameworks/Carbon.framework/Versions/A/Frameworks/SecurityHI.framework/Versions/A/SecurityHI
0x000000010c0ff000 	/Users/serinahu/Library/Application Support/JetBrains/Toolbox/apps/IDEA-U/ch-0/163.13906.18/IntelliJ IDEA.app/Contents/bin/libbreakgen64.jnilib
0x000000010c102000 	/Library/Java/JavaVirtualMachines/jdk1.8.0_92.jdk/Contents/Home/jre/lib/libnet.dylib
0x000000010c161000 	/Library/Java/JavaVirtualMachines/jdk1.8.0_92.jdk/Contents/Home/jre/lib/libawt.dylib
0x000000010c209000 	/Library/Java/JavaVirtualMachines/jdk1.8.0_92.jdk/Contents/Home/jre/lib/./libmlib_image.dylib
0x000000010c2d5000 	/Library/Java/JavaVirtualMachines/jdk1.8.0_92.jdk/Contents/Home/jre/lib/libawt_lwawt.dylib
0x000000010c38a000 	/Library/Java/JavaVirtualMachines/jdk1.8.0_92.jdk/Contents/Home/jre/lib/./libosxapp.dylib
0x000000002bfd1000 	/System/Library/Frameworks/ExceptionHandling.framework/Versions/A/ExceptionHandling
0x000000002bfd1000 	/System/Library/PrivateFrameworks/CoreServicesInternal.framework/Versions/A/CoreServicesInternal
0x000000002bfd1000 	/System/Library/CoreServices/RawCamera.bundle/Contents/MacOS/RawCamera
0x000000002bfd1000 	/System/Library/Frameworks/Accelerate.framework/Versions/A/Frameworks/vImage.framework/Versions/A/Libraries/libCGInterfaces.dylib
0x000000002bfd1000 	/System/Library/Frameworks/ApplicationServices.framework/Versions/A/Frameworks/ATS.framework/Versions/A/Resources/libTrueTypeScaler.dylib
0x000000010e6eb000 	/System/Library/Frameworks/OpenGL.framework/Resources/GLEngine.bundle/GLEngine
0x000000002bfd1000 	/System/Library/Frameworks/OpenGL.framework/Versions/A/Libraries/libGLProgrammability.dylib
0x0000000125f4d000 	/System/Library/Extensions/AppleIntelBDWGraphicsGLDriver.bundle/Contents/MacOS/AppleIntelBDWGraphicsGLDriver
0x000000002bfd1000 	/System/Library/PrivateFrameworks/GPUSupport.framework/Versions/A/Libraries/libGPUSupportMercury.dylib
0x000000010e8d0000 	/System/Library/Frameworks/OpenGL.framework/Resources//GLRendererFloat.bundle/GLRendererFloat
0x000000002bfd1000 	/System/Library/Frameworks/OpenCL.framework/Versions/A/Libraries/libcldcpuengine.dylib
0x000000002bfd1000 	/usr/lib/libcrypto.0.9.8.dylib
0x000000002bfd1000 	/System/Library/PrivateFrameworks/TrustEvaluationAgent.framework/Versions/A/TrustEvaluationAgent
0x000000010e904000 	/System/Library/Extensions/AppleIntelBDWGraphicsMTLDriver.bundle/Contents/MacOS/AppleIntelBDWGraphicsMTLDriver
0x000000002bfd1000 	/System/Library/PrivateFrameworks/FamilyControls.framework/Versions/A/FamilyControls
0x000000002bfd1000 	/System/Library/PrivateFrameworks/CommerceKit.framework/Versions/A/Frameworks/CommerceCore.framework/Versions/A/CommerceCore
0x000000002bfd1000 	/System/Library/PrivateFrameworks/SystemAdministration.framework/Versions/A/SystemAdministration
0x000000002bfd1000 	/System/Library/PrivateFrameworks/AppContainer.framework/Versions/A/AppContainer
0x000000002bfd1000 	/System/Library/PrivateFrameworks/SecCodeWrapper.framework/Versions/A/SecCodeWrapper
0x000000002bfd1000 	/System/Library/Frameworks/DirectoryService.framework/Versions/A/DirectoryService
0x000000002bfd1000 	/System/Library/PrivateFrameworks/DiskImages.framework/Versions/A/DiskImages
0x000000002bfd1000 	/System/Library/PrivateFrameworks/LoginUIKit.framework/Versions/A/Frameworks/LoginUICore.framework/Versions/A/LoginUICore
0x000000002bfd1000 	/usr/lib/libCoreStorage.dylib
0x000000002bfd1000 	/usr/lib/libcsfde.dylib
0x000000002bfd1000 	/usr/lib/libodfde.dylib
0x000000002bfd1000 	/System/Library/Frameworks/DiscRecording.framework/Versions/A/DiscRecording
0x000000002bfd1000 	/usr/lib/libcurl.4.dylib
0x000000002bfd1000 	/System/Library/PrivateFrameworks/MediaKit.framework/Versions/A/MediaKit
0x000000002bfd1000 	/System/Library/PrivateFrameworks/ProtectedCloudStorage.framework/Versions/A/ProtectedCloudStorage
0x000000002bfd1000 	/System/Library/PrivateFrameworks/EFILogin.framework/Versions/A/EFILogin
0x000000002bfd1000 	/usr/lib/libutil.dylib
0x000000002bfd1000 	/System/Library/Frameworks/LDAP.framework/Versions/A/LDAP
0x000000002bfd1000 	/usr/lib/libsasl2.2.dylib
0x000000002bfd1000 	/System/Library/PrivateFrameworks/CoreDaemon.framework/Versions/B/CoreDaemon
0x000000002bfd1000 	/System/Library/PrivateFrameworks/AppleSRP.framework/Versions/A/AppleSRP
0x000000002bfd1000 	/System/Library/PrivateFrameworks/APFS.framework/Versions/A/APFS
0x00000001278a7000 	/Library/Java/JavaVirtualMachines/jdk1.8.0_92.jdk/Contents/Home/jre/lib/libfontmanager.dylib
0x000000012790e000 	/Users/serinahu/IdeaProjects/APCS/2DGameTesting/libs/liblwjgl.dylib
0x000000010c9f8000 	/Library/Java/JavaVirtualMachines/jdk1.8.0_92.jdk/Contents/Home/jre/lib/libjawt.dylib
0x000000010ead3000 	/Users/serinahu/IdeaProjects/APCS/2DGameTesting/libs/libjinput-osx.dylib
0x0000000128bdd000 	/System/Library/Extensions/IOHIDFamily.kext/Contents/PlugIns/IOHIDLib.plugin/Contents/MacOS/IOHIDLib

VM Arguments:
jvm_args: -Djava.library.path=libs/ -Didea.launcher.port=7535 -Didea.launcher.bin.path=/Users/serinahu/Library/Application Support/JetBrains/Toolbox/apps/IDEA-U/ch-0/163.13906.18/IntelliJ IDEA.app/Contents/bin -Dfile.encoding=UTF-8 
java_command: com.intellij.rt.execution.application.AppMain TestingGame
java_class_path (initial): /Library/Java/JavaVirtualMachines/jdk1.8.0_92.jdk/Contents/Home/jre/lib/charsets.jar:/Library/Java/JavaVirtualMachines/jdk1.8.0_92.jdk/Contents/Home/jre/lib/deploy.jar:/Library/Java/JavaVirtualMachines/jdk1.8.0_92.jdk/Contents/Home/jre/lib/ext/cldrdata.jar:/Library/Java/JavaVirtualMachines/jdk1.8.0_92.jdk/Contents/Home/jre/lib/ext/dnsns.jar:/Library/Java/JavaVirtualMachines/jdk1.8.0_92.jdk/Contents/Home/jre/lib/ext/jaccess.jar:/Library/Java/JavaVirtualMachines/jdk1.8.0_92.jdk/Contents/Home/jre/lib/ext/jfxrt.jar:/Library/Java/JavaVirtualMachines/jdk1.8.0_92.jdk/Contents/Home/jre/lib/ext/localedata.jar:/Library/Java/JavaVirtualMachines/jdk1.8.0_92.jdk/Contents/Home/jre/lib/ext/nashorn.jar:/Library/Java/JavaVirtualMachines/jdk1.8.0_92.jdk/Contents/Home/jre/lib/ext/sunec.jar:/Library/Java/JavaVirtualMachines/jdk1.8.0_92.jdk/Contents/Home/jre/lib/ext/sunjce_provider.jar:/Library/Java/JavaVirtualMachines/jdk1.8.0_92.jdk/Contents/Home/jre/lib/ext/sunpkcs11.jar:/Library/Java/JavaVirtualMachines/jdk1.8.0_92.jdk/Contents/Home/jre/lib/ext/zipfs.jar:/Library/Java/JavaVirtualMachines/jdk1.8.0_92.jdk/Contents/Home/jre/lib/javaws.jar:/Library/Java/JavaVirtualMachines/jdk1.8.0_92.jdk/Contents/Home/jre/lib/jce.jar:/Library/Java/JavaVirtualMachines/jdk1.8.0_92.jdk/Contents/Home/jre/lib/jfr.jar:/Library/Java/JavaVirtualMachines/jdk1.8.0_92.jdk/Contents/Home/jre/lib/jfxswt.jar:/Library/Java/JavaVirtualMachines/jdk1.8.0_92.jdk/Contents/Home/jre/lib/jsse.jar:/Library/Java/JavaVirtualMachines/jdk1.8.0_92.jdk/Contents/Home/jre/lib/management-agent.jar:/Library/Java/JavaVirtualMachines/jdk1.8.0_92.jdk/Contents/Home/jre/lib/plugin.jar:/Library/Java/JavaVirtualMachines/jdk1.8.0_92.jdk/Contents/Home/jre/lib/resources.jar:/Library/Java/JavaVirtualMachines/jdk1.8.0_92.jdk/Contents/Home/jre/lib/rt.jar:/Library/Java/JavaVirtualMachines/jdk1.8.0_92.jdk/Contents/Home/lib/ant-javafx.jar:/Library/Java/JavaVirtualMachines/jdk1.8.0_92.jdk/Contents/Home/lib/dt.jar:/Library/Ja
Launcher Type: SUN_STANDARD

Environment Variables:
PATH=/usr/local/sbin:/Users/serinahu/Documents/bin:/Library/Frameworks/Python.framework/Versions/3.5/bin:/opt/local/bin:/opt/local/sbin:/Library/Frameworks/Python.framework/Versions/3.4/bin:/usr/local/bin:/usr/bin:/bin:/usr/sbin:/sbin:/opt/local/bin:/opt/local/sbin:/opt/X11/bin:/Library/Frameworks/Mono.framework/Versions/Current/Commands:/Library/TeX/texbin
SHELL=/bin/bash
DISPLAY=/private/tmp/com.apple.launchd.MiF55U14BR/org.macosforge.xquartz:0

Signal Handlers:
SIGSEGV: [libjvm.dylib+0x5aa779], sa_mask[0]=11111111011111110111111111111111, sa_flags=SA_ONSTACK|SA_RESTART|SA_SIGINFO
SIGBUS: [libjvm.dylib+0x5aa779], sa_mask[0]=11111111011111110111111111111111, sa_flags=SA_RESTART|SA_SIGINFO
SIGFPE: [libjvm.dylib+0x4831d0], sa_mask[0]=11111111011111110111111111111111, sa_flags=SA_RESTART|SA_SIGINFO
SIGPIPE: [libjvm.dylib+0x4831d0], sa_mask[0]=11111111011111110111111111111111, sa_flags=SA_RESTART|SA_SIGINFO
SIGXFSZ: [libjvm.dylib+0x4831d0], sa_mask[0]=11111111011111110111111111111111, sa_flags=SA_RESTART|SA_SIGINFO
SIGILL: [libjvm.dylib+0x4831d0], sa_mask[0]=11111111011111110111111111111111, sa_flags=SA_RESTART|SA_SIGINFO
SIGUSR1: SIG_DFL, sa_mask[0]=00000000000000000000000000000000, sa_flags=none
SIGUSR2: [libjvm.dylib+0x482cee], sa_mask[0]=00100000000000000000000000000000, sa_flags=SA_RESTART|SA_SIGINFO
SIGHUP: [libjvm.dylib+0x4812c5], sa_mask[0]=11111111011111110111111111111111, sa_flags=SA_RESTART|SA_SIGINFO
SIGINT: [libjvm.dylib+0x4812c5], sa_mask[0]=11111111011111110111111111111111, sa_flags=SA_RESTART|SA_SIGINFO
SIGTERM: [libjvm.dylib+0x4812c5], sa_mask[0]=11111111011111110111111111111111, sa_flags=SA_RESTART|SA_SIGINFO
SIGQUIT: [libjvm.dylib+0x4812c5], sa_mask[0]=11111111011111110111111111111111, sa_flags=SA_RESTART|SA_SIGINFO


---------------  S Y S T E M  ---------------

OS:Bsduname:Darwin 16.5.0 Darwin Kernel Version 16.5.0: Fri Mar  3 16:52:33 PST 2017; root:xnu-3789.51.2~3/RELEASE_X86_64 x86_64
rlimit: STACK 8192k, CORE 0k, NPROC 709, NOFILE 10240, AS infinity
load average:1.56 9.46 8.75

CPU:total 4 (2 cores per cpu, 2 threads per core) family 6 model 61 stepping 4, cmov, cx8, fxsr, mmx, sse, sse2, sse3, ssse3, sse4.1, sse4.2, popcnt, avx, avx2, aes, clmul, erms, 3dnowpref, lzcnt, ht, tsc, tscinvbit, bmi1, bmi2, adx

Memory: 4k page, physical 16777216k(1995856k free)

/proc/meminfo:


vm_info: Java HotSpot(TM) 64-Bit Server VM (25.92-b14) for bsd-amd64 JRE (1.8.0_92-b14), built on Mar 31 2016 21:23:14 by "java_re" with gcc 4.2.1 (Based on Apple Inc. build 5658) (LLVM build 2336.11.00)

time: Thu May  4 11:17:19 2017
elapsed time: 10 seconds (0d 0h 0m 10s)

