#
# A fatal error has been detected by the Java Runtime Environment:
#
#  SIGSEGV (0xb) at pc=0x00007fff8ef9605d, pid=810, tid=0x0000000000000307
#
# JRE version: Java(TM) SE Runtime Environment (8.0_92-b14) (build 1.8.0_92-b14)
# Java VM: Java HotSpot(TM) 64-Bit Server VM (25.92-b14 mixed mode bsd-amd64 compressed oops)
# Problematic frame:
# C  [libobjc.A.dylib+0x705d]  objc_msgSend+0x1d
#
# Failed to write core dump. Core dumps have been disabled. To enable core dumping, try "ulimit -c unlimited" before starting Java again
#
# If you would like to submit a bug report, please visit:
#   http://bugreport.java.com/bugreport/crash.jsp
# The crash happened outside the Java Virtual Machine in native code.
# See problematic frame for where to report the bug.
#

---------------  T H R E A D  ---------------

Current thread (0x00007f9782126000):  JavaThread "AppKit Thread" daemon [_thread_in_native, id=775, stack(0x00007fff4f4a9000,0x00007fff4fca9000)]

siginfo: si_signo: 11 (SIGSEGV), si_code: 1 (SEGV_MAPERR), si_addr: 0x0000230300010028

Registers:
RAX=0x00007f9780e60430, RBX=0x00007f9780e46400, RCX=0x00007f9780d34690, RDX=0x00007f9780e60430
RSP=0x00007fff4fca3358, RBP=0x00007fff4fca3360, RSI=0x00007fff788a9861, RDI=0x00007f9780d34690
R8 =0x000000000000003f, R9 =0x00007f9780e32410, R10=0x0000230300010010, R11=0x00007fff788a9861
R12=0x0000000000000000, R13=0x00007f9780e32410, R14=0x00007f9780e60430, R15=0x0000000000000000
RIP=0x00007fff8ef9605d, EFLAGS=0x0000000000010202, ERR=0x0000000000000004
  TRAPNO=0x000000000000000e

Top of Stack: (sp=0x00007fff4fca3358)
0x00007fff4fca3358:   00007fff7a13c50c 00007fff4fca33d0
0x00007fff4fca3368:   00007fff7a13c40b 0000000000000000
0x00007fff4fca3378:   00007fff9877a060 00000000c2000000
0x00007fff4fca3388:   00007fff7a13c460 00007fff94ffa680
0x00007fff4fca3398:   00007f9780e32410 00007f9780e60430
0x00007fff4fca33a8:   00007fff4fca3b98 00007fff8ef96040
0x00007fff4fca33b8:   00007fff4fca34a0 00007f9780e32410
0x00007fff4fca33c8:   00007fff78841078 00007fff4fca3410
0x00007fff4fca33d8:   00007fff7a13c172 00007fff4fca39e0
0x00007fff4fca33e8:   0000000000000001 00007fff8ef96040
0x00007fff4fca33f8:   00007fff4fca34a0 00007fff4fca3b98
0x00007fff4fca3408:   00007fff78841078 00007fff4fca3b30
0x00007fff4fca3418:   00007fff7a0f95a3 00007f9780c00000
0x00007fff4fca3428:   0000000000000002 000000010ff77e00
0x00007fff4fca3438:   0000000000000004 00007f9780c1b4c0
0x00007fff4fca3448:   00007fff94ffbcb0 0000000000000000
0x00007fff4fca3458:   00007f97821210d0 00007f9780c1b401
0x00007fff4fca3468:   00007f9780d740f0 00007fff9512e0e0
0x00007fff4fca3478:   0000000000000000 0000000000000000
0x00007fff4fca3488:   0000000000000000 00007f9780d75330
0x00007fff4fca3498:   00007fff9503a900 00007fff4fca39e0
0x00007fff4fca34a8:   0000000000000002 0000000000000100
0x00007fff4fca34b8:   00007fff986e7400 00007fff4fca38e0
0x00007fff4fca34c8:   0000000000000000 0000000000000100
0x00007fff4fca34d8:   00007f9780c9c600 00007fff4fca3510
0x00007fff4fca34e8:   00007fff7a13cdbc ffff80687f363980
0x00007fff4fca34f8:   00007f9780c9c680 00007fff9512b640
0x00007fff4fca3508:   00007f9780c9c680 00007fff4fca3540
0x00007fff4fca3518:   00007fff7a13ce08 ffff80687f363980
0x00007fff4fca3528:   00007f9780c9c680 00007fff9512b8c0
0x00007fff4fca3538:   00007f9780c9c680 00007fff4fca3570
0x00007fff4fca3548:   00007fff7a13ceeb 0000000000000400 

Instructions: (pc=0x00007fff8ef9605d)
0x00007fff8ef9603d:   0f 1f 00 48 85 ff 2e 74 62 40 f6 c7 01 2e 75 66
0x00007fff8ef9604d:   49 ba f8 ff ff ff ff 7f 00 00 4c 23 17 49 89 f3
0x00007fff8ef9605d:   45 23 5a 18 49 c1 e3 04 4d 03 5a 10 49 3b 33 75
0x00007fff8ef9606d:   04 41 ff 63 08 49 83 3b 01 76 0d 49 83 c3 10 49 

Register to memory mapping:

RAX=0x00007f9780e60430 is an unknown value
RBX=0x00007f9780e46400 is an unknown value
RCX=0x00007f9780d34690 is an unknown value
RDX=0x00007f9780e60430 is an unknown value
RSP=0x00007fff4fca3358 is pointing into the stack for thread: 0x00007f9782126000
RBP=0x00007fff4fca3360 is pointing into the stack for thread: 0x00007f9782126000
RSI=0x00007fff788a9861: __NSStyleNameIndexTable+0xe0419 in /System/Library/Frameworks/AppKit.framework/Versions/C/AppKit at 0x00007fff77bdc000
RDI=0x00007f9780d34690 is an unknown value
R8 =0x000000000000003f is an unknown value
R9 =0x00007f9780e32410 is an unknown value
R10=0x0000230300010010 is an unknown value
R11=0x00007fff788a9861: __NSStyleNameIndexTable+0xe0419 in /System/Library/Frameworks/AppKit.framework/Versions/C/AppKit at 0x00007fff77bdc000
R12=0x0000000000000000 is an unknown value
R13=0x00007f9780e32410 is an unknown value
R14=0x00007f9780e60430 is an unknown value
R15=0x0000000000000000 is an unknown value


Stack: [0x00007fff4f4a9000,0x00007fff4fca9000],  sp=0x00007fff4fca3358,  free space=8168k
Native frames: (J=compiled Java code, j=interpreted, Vv=VM code, C=native code)
C  [libobjc.A.dylib+0x705d]  objc_msgSend+0x1d
C  [CoreFoundation+0x9d40b]  _CFXRegistrationPost+0x1ab
C  [CoreFoundation+0x9d172]  ___CFXNotificationPost_block_invoke+0x32
C  [CoreFoundation+0x5a5a3]  -[_CFXNotificationRegistrar find:object:observer:enumerator:]+0x723
C  [CoreFoundation+0x595dc]  _CFXNotificationPost+0x25c
C  [Foundation+0x6997]  -[NSNotificationCenter postNotificationName:object:userInfo:]+0x42
C  [AppKit+0x24f177]  -[NSSurface _disposeSurface]+0x98
C  [AppKit+0x24ed26]  -[NSSurface setWindow:]+0x35
C  [AppKit+0x28d30]  -[NSView _setWindow:]+0xa0f
C  [AppKit+0x2b957]  -[NSView removeFromSuperview]+0x1d1
C  [AppKit+0x14d130]  -[NSView removeFromSuperviewWithoutNeedingDisplay]+0x26
C  [liblwjgl.dylib+0xa205]  +[MacOSXKeyableWindow destroyWindow]+0xb5
C  [Foundation+0x7184a]  __NSThreadPerformPerform+0x146
C  [CoreFoundation+0xa73c1]  __CFRUNLOOP_IS_CALLING_OUT_TO_A_SOURCE0_PERFORM_FUNCTION__+0x11
C  [CoreFoundation+0x882cd]  __CFRunLoopDoSources0+0x22d
C  [CoreFoundation+0x877c6]  __CFRunLoopRun+0x3a6
C  [CoreFoundation+0x871c4]  CFRunLoopRunSpecific+0x1a4
C  [HIToolbox+0x30ebc]  RunCurrentEventLoopInMode+0xf0
C  [HIToolbox+0x30cf1]  ReceiveNextEventCommon+0x1b0
C  [HIToolbox+0x30b26]  _BlockUntilNextEventMatchingListInModeWithFilter+0x47
C  [AppKit+0x46e24]  _DPSNextEvent+0x460
C  [AppKit+0x7c285e]  -[NSApplication(NSEvent) _nextEventMatchingEventMask:untilDate:inMode:dequeue:]+0xaec
C  [libosxapp.dylib+0x23aa]  -[NSApplicationAWT nextEventMatchingMask:untilDate:inMode:dequeue:]+0x7c
C  [AppKit+0x3b7ab]  -[NSApplication run]+0x39e
C  [libosxapp.dylib+0x214d]  +[NSApplicationAWT runAWTLoopWithApp:]+0x9c
C  [libawt_lwawt.dylib+0x444b3]  -[AWTStarter starter:]+0x389
C  [Foundation+0x7184a]  __NSThreadPerformPerform+0x146
C  [CoreFoundation+0xa73c1]  __CFRUNLOOP_IS_CALLING_OUT_TO_A_SOURCE0_PERFORM_FUNCTION__+0x11
C  [CoreFoundation+0x882cd]  __CFRunLoopDoSources0+0x22d
C  [CoreFoundation+0x877c6]  __CFRunLoopRun+0x3a6
C  [CoreFoundation+0x871c4]  CFRunLoopRunSpecific+0x1a4
C  [java+0x6465]  CreateExecutionEnvironment+0x367
C  [java+0x218c]  JLI_Launch+0x7a0
C  [java+0x84c2]  main+0x65
C  [java+0x19e4]  start+0x34
C  0x0000000000000009


---------------  P R O C E S S  ---------------

Java Threads: ( => current thread )
  0x00007f978218d800 JavaThread "AWT-Shutdown" [_thread_blocked, id=60943, stack(0x0000700008914000,0x0000700008a14000)]
=>0x00007f9782126000 JavaThread "AppKit Thread" daemon [_thread_in_native, id=775, stack(0x00007fff4f4a9000,0x00007fff4fca9000)]
  0x00007f97810e8000 JavaThread "Monitor Ctrl-Break" daemon [_thread_in_native, id=19715, stack(0x000070000878e000,0x000070000888e000)]
  0x00007f978280c000 JavaThread "Service Thread" daemon [_thread_blocked, id=18691, stack(0x0000700008588000,0x0000700008688000)]
  0x00007f978104d000 JavaThread "C1 CompilerThread2" daemon [_thread_blocked, id=18179, stack(0x0000700008485000,0x0000700008585000)]
  0x00007f9782004800 JavaThread "C2 CompilerThread1" daemon [_thread_blocked, id=17667, stack(0x0000700008382000,0x0000700008482000)]
  0x00007f9782019000 JavaThread "C2 CompilerThread0" daemon [_thread_blocked, id=17155, stack(0x000070000827f000,0x000070000837f000)]
  0x00007f978180e800 JavaThread "Signal Dispatcher" daemon [_thread_blocked, id=16643, stack(0x000070000817c000,0x000070000827c000)]
  0x00007f978180e000 JavaThread "Finalizer" daemon [_thread_blocked, id=12547, stack(0x0000700008079000,0x0000700008179000)]
  0x00007f978200f800 JavaThread "Reference Handler" daemon [_thread_blocked, id=12035, stack(0x0000700007f76000,0x0000700008076000)]
  0x00007f9781803000 JavaThread "main" [_thread_in_native, id=3587, stack(0x00007000077db000,0x00007000078db000)]

Other Threads:
  0x00007f9781037000 VMThread [stack: 0x0000700007e73000,0x0000700007f73000] [id=11523]
  0x00007f9782821000 WatcherThread [stack: 0x000070000868b000,0x000070000878b000] [id=19203]

VM state:not at safepoint (normal execution)

VM Mutex/Monitor currently owned by a thread: None

Heap:
 PSYoungGen      total 76288K, used 19662K [0x000000076ab00000, 0x0000000770000000, 0x00000007c0000000)
  eden space 65536K, 30% used [0x000000076ab00000,0x000000076be338a8,0x000000076eb00000)
  from space 10752K, 0% used [0x000000076f580000,0x000000076f580000,0x0000000770000000)
  to   space 10752K, 0% used [0x000000076eb00000,0x000000076eb00000,0x000000076f580000)
 ParOldGen       total 175104K, used 0K [0x00000006c0000000, 0x00000006cab00000, 0x000000076ab00000)
  object space 175104K, 0% used [0x00000006c0000000,0x00000006c0000000,0x00000006cab00000)
 Metaspace       used 7445K, capacity 7627K, committed 7808K, reserved 1056768K
  class space    used 746K, capacity 826K, committed 896K, reserved 1048576K

Card table byte_map: [0x0000000121000000,0x0000000121801000] byte_map_base: 0x000000011da00000

Marking Bits: (ParMarkBitMap*) 0x0000000110fdebd0
 Begin Bits: [0x0000000121d57000, 0x0000000125d57000)
 End Bits:   [0x0000000125d57000, 0x0000000129d57000)

Polling page: 0x0000000110017000

CodeCache: size=245760Kb used=3032Kb max_used=3043Kb free=242727Kb
 bounds [0x000000011168d000, 0x000000011198d000, 0x000000012068d000]
 total_blobs=1169 nmethods=773 adapters=310
 compilation: enabled

Compilation events (10 events):
Event: 5.656 Thread 0x00007f978104d000  771       3       java.nio.Buffer::clear (20 bytes)
Event: 5.656 Thread 0x00007f978104d000 nmethod 771 0x0000000111983610 code [0x0000000111983760, 0x00000001119838d0]
Event: 6.055 Thread 0x00007f978104d000  772       1       org.newdawn.slick.BasicGame::inputStarted (1 bytes)
Event: 6.055 Thread 0x00007f978104d000 nmethod 772 0x0000000111983350 code [0x00000001119834a0, 0x00000001119835b0]
Event: 6.055 Thread 0x00007f978104d000  774       1       TestingGame::render (1 bytes)
Event: 6.055 Thread 0x00007f978104d000 nmethod 774 0x0000000111983090 code [0x00000001119831e0, 0x00000001119832f0]
Event: 6.055 Thread 0x00007f978104d000  773       1       org.newdawn.slick.BasicGame::inputEnded (1 bytes)
Event: 6.055 Thread 0x00007f978104d000 nmethod 773 0x0000000111982dd0 code [0x0000000111982f20, 0x0000000111983030]
Event: 6.204 Thread 0x00007f9782019000  775       4       java.nio.DirectByteBuffer::put (18 bytes)
Event: 6.205 Thread 0x00007f9782019000 nmethod 775 0x0000000111982b10 code [0x0000000111982c60, 0x0000000111982d18]

GC Heap History (0 events):
No events

Deoptimization events (1 events):
Event: 0.797 Thread 0x00007f9781803000 Uncommon trap: reason=unstable_if action=reinterpret pc=0x000000011183815c method=java.lang.String.replace(CC)Ljava/lang/String; @ 26

Internal exceptions (10 events):
Event: 0.035 Thread 0x00007f9781803000 Exception <a 'java/lang/NoSuchMethodError': Method sun.misc.Unsafe.defineClass(Ljava/lang/String;[BII)Ljava/lang/Class; name or signature does not match> (0x000000076ab07cc0) thrown at [/Users/java_re/workspace/8-2-build-macosx-x86_64/jdk8u92/6642/hotspot
Event: 0.035 Thread 0x00007f9781803000 Exception <a 'java/lang/NoSuchMethodError': Method sun.misc.Unsafe.prefetchRead(Ljava/lang/Object;J)V name or signature does not match> (0x000000076ab07fa8) thrown at [/Users/java_re/workspace/8-2-build-macosx-x86_64/jdk8u92/6642/hotspot/src/share/vm/prim
Event: 0.211 Thread 0x00007f9781803000 Exception <a 'java/security/PrivilegedActionException'> (0x000000076afaa2c0) thrown at [/Users/java_re/workspace/8-2-build-macosx-x86_64/jdk8u92/6642/hotspot/src/share/vm/prims/jvm.cpp, line 1386]
Event: 0.211 Thread 0x00007f9781803000 Exception <a 'java/security/PrivilegedActionException'> (0x000000076afaa6b8) thrown at [/Users/java_re/workspace/8-2-build-macosx-x86_64/jdk8u92/6642/hotspot/src/share/vm/prims/jvm.cpp, line 1386]
Event: 0.211 Thread 0x00007f9781803000 Exception <a 'java/security/PrivilegedActionException'> (0x000000076afadb40) thrown at [/Users/java_re/workspace/8-2-build-macosx-x86_64/jdk8u92/6642/hotspot/src/share/vm/prims/jvm.cpp, line 1386]
Event: 0.211 Thread 0x00007f9781803000 Exception <a 'java/security/PrivilegedActionException'> (0x000000076afadf38) thrown at [/Users/java_re/workspace/8-2-build-macosx-x86_64/jdk8u92/6642/hotspot/src/share/vm/prims/jvm.cpp, line 1386]
Event: 0.314 Thread 0x00007f9781803000 Exception <a 'java/lang/NoSuchFieldError': method resolution failed> (0x000000076b07ad18) thrown at [/Users/java_re/workspace/8-2-build-macosx-x86_64/jdk8u92/6642/hotspot/src/share/vm/prims/methodHandles.cpp, line 1146]
Event: 0.325 Thread 0x00007f9781803000 Exception <a 'java/lang/NoSuchFieldError': method resolution failed> (0x000000076b088468) thrown at [/Users/java_re/workspace/8-2-build-macosx-x86_64/jdk8u92/6642/hotspot/src/share/vm/prims/methodHandles.cpp, line 1146]
Event: 0.741 Thread 0x00007f9781803000 Exception <a 'java/io/FileNotFoundException'> (0x000000076b103700) thrown at [/Users/java_re/workspace/8-2-build-macosx-x86_64/jdk8u92/6642/hotspot/src/share/vm/prims/jni.cpp, line 709]
Event: 0.741 Thread 0x00007f9781803000 Exception <a 'java/io/FileNotFoundException'> (0x000000076b104260) thrown at [/Users/java_re/workspace/8-2-build-macosx-x86_64/jdk8u92/6642/hotspot/src/share/vm/prims/jni.cpp, line 709]

Events (10 events):
Event: 3.061 loading class java/util/IdentityHashMap$ValueIterator
Event: 3.061 loading class java/util/IdentityHashMap$IdentityHashMapIterator
Event: 3.061 loading class java/util/IdentityHashMap$IdentityHashMapIterator done
Event: 3.061 loading class java/util/IdentityHashMap$ValueIterator done
Event: 3.061 Thread 0x00007f9782123800 Thread exited: 0x00007f9782123800
Event: 3.457 Thread 0x00007f978218d800 Thread added: 0x00007f978218d800
Event: 4.148 Executing VM operation: EnableBiasedLocking
Event: 4.148 Executing VM operation: EnableBiasedLocking done
Event: 6.203 loading class org/lwjgl/opengl/CallbackUtil
Event: 6.203 loading class org/lwjgl/opengl/CallbackUtil done


Dynamic libraries:
0x0000000004d2b000 	/System/Library/Frameworks/Cocoa.framework/Versions/A/Cocoa
0x0000000004d2b000 	/System/Library/Frameworks/Security.framework/Versions/A/Security
0x0000000004d2b000 	/System/Library/Frameworks/ApplicationServices.framework/Versions/A/ApplicationServices
0x0000000004d2b000 	/usr/lib/libz.1.dylib
0x0000000004d2b000 	/usr/lib/libSystem.B.dylib
0x0000000004d2b000 	/usr/lib/libobjc.A.dylib
0x0000000004d2b000 	/System/Library/Frameworks/CoreFoundation.framework/Versions/A/CoreFoundation
0x0000000004d2b000 	/System/Library/Frameworks/Foundation.framework/Versions/C/Foundation
0x0000000004d2b000 	/System/Library/Frameworks/AppKit.framework/Versions/C/AppKit
0x0000000004d2b000 	/System/Library/Frameworks/CoreData.framework/Versions/A/CoreData
0x0000000004d2b000 	/System/Library/PrivateFrameworks/RemoteViewServices.framework/Versions/A/RemoteViewServices
0x0000000004d2b000 	/System/Library/PrivateFrameworks/UIFoundation.framework/Versions/A/UIFoundation
0x0000000004d2b000 	/System/Library/PrivateFrameworks/DFRFoundation.framework/Versions/A/DFRFoundation
0x0000000004d2b000 	/usr/lib/libenergytrace.dylib
0x0000000004d2b000 	/System/Library/PrivateFrameworks/SkyLight.framework/Versions/A/SkyLight
0x0000000004d2b000 	/System/Library/Frameworks/CoreGraphics.framework/Versions/A/CoreGraphics
0x0000000004d2b000 	/usr/lib/libScreenReader.dylib
0x0000000004d2b000 	/System/Library/Frameworks/Accelerate.framework/Versions/A/Accelerate
0x0000000004d2b000 	/System/Library/Frameworks/IOSurface.framework/Versions/A/IOSurface
0x0000000004d2b000 	/System/Library/Frameworks/AudioToolbox.framework/Versions/A/AudioToolbox
0x0000000004d2b000 	/System/Library/Frameworks/AudioUnit.framework/Versions/A/AudioUnit
0x0000000004d2b000 	/System/Library/PrivateFrameworks/DataDetectorsCore.framework/Versions/A/DataDetectorsCore
0x0000000004d2b000 	/System/Library/PrivateFrameworks/DesktopServicesPriv.framework/Versions/A/DesktopServicesPriv
0x0000000004d2b000 	/System/Library/Frameworks/Carbon.framework/Versions/A/Frameworks/HIToolbox.framework/Versions/A/HIToolbox
0x0000000004d2b000 	/usr/lib/libicucore.A.dylib
0x0000000004d2b000 	/System/Library/Frameworks/QuartzCore.framework/Versions/A/QuartzCore
0x0000000004d2b000 	/System/Library/Frameworks/Carbon.framework/Versions/A/Frameworks/SpeechRecognition.framework/Versions/A/SpeechRecognition
0x0000000004d2b000 	/usr/lib/libauto.dylib
0x0000000004d2b000 	/usr/lib/libxml2.2.dylib
0x0000000004d2b000 	/System/Library/PrivateFrameworks/CoreUI.framework/Versions/A/CoreUI
0x0000000004d2b000 	/System/Library/Frameworks/CoreAudio.framework/Versions/A/CoreAudio
0x0000000004d2b000 	/System/Library/Frameworks/DiskArbitration.framework/Versions/A/DiskArbitration
0x0000000004d2b000 	/usr/lib/liblangid.dylib
0x0000000004d2b000 	/System/Library/PrivateFrameworks/MultitouchSupport.framework/Versions/A/MultitouchSupport
0x0000000004d2b000 	/System/Library/Frameworks/IOKit.framework/Versions/A/IOKit
0x0000000004d2b000 	/usr/lib/libDiagnosticMessagesClient.dylib
0x0000000004d2b000 	/System/Library/Frameworks/CoreServices.framework/Versions/A/CoreServices
0x0000000004d2b000 	/System/Library/PrivateFrameworks/PerformanceAnalysis.framework/Versions/A/PerformanceAnalysis
0x0000000004d2b000 	/System/Library/PrivateFrameworks/GenerationalStorage.framework/Versions/A/GenerationalStorage
0x0000000004d2b000 	/System/Library/Frameworks/OpenGL.framework/Versions/A/OpenGL
0x0000000004d2b000 	/System/Library/Frameworks/CoreImage.framework/Versions/A/CoreImage
0x0000000004d2b000 	/System/Library/Frameworks/CoreText.framework/Versions/A/CoreText
0x0000000004d2b000 	/System/Library/Frameworks/ImageIO.framework/Versions/A/ImageIO
0x0000000004d2b000 	/System/Library/PrivateFrameworks/Backup.framework/Versions/A/Backup
0x0000000004d2b000 	/usr/lib/libarchive.2.dylib
0x0000000004d2b000 	/System/Library/Frameworks/CFNetwork.framework/Versions/A/CFNetwork
0x0000000004d2b000 	/System/Library/Frameworks/SystemConfiguration.framework/Versions/A/SystemConfiguration
0x0000000004d2b000 	/usr/lib/libCRFSuite.dylib
0x0000000004d2b000 	/usr/lib/libc++.1.dylib
0x0000000004d2b000 	/usr/lib/libc++abi.dylib
0x0000000004d2b000 	/usr/lib/system/libcache.dylib
0x0000000004d2b000 	/usr/lib/system/libcommonCrypto.dylib
0x0000000004d2b000 	/usr/lib/system/libcompiler_rt.dylib
0x0000000004d2b000 	/usr/lib/system/libcopyfile.dylib
0x0000000004d2b000 	/usr/lib/system/libcorecrypto.dylib
0x0000000004d2b000 	/usr/lib/system/libdispatch.dylib
0x0000000004d2b000 	/usr/lib/system/libdyld.dylib
0x0000000004d2b000 	/usr/lib/system/libkeymgr.dylib
0x0000000004d2b000 	/usr/lib/system/liblaunch.dylib
0x0000000004d2b000 	/usr/lib/system/libmacho.dylib
0x0000000004d2b000 	/usr/lib/system/libquarantine.dylib
0x0000000004d2b000 	/usr/lib/system/libremovefile.dylib
0x0000000004d2b000 	/usr/lib/system/libsystem_asl.dylib
0x0000000004d2b000 	/usr/lib/system/libsystem_blocks.dylib
0x0000000004d2b000 	/usr/lib/system/libsystem_c.dylib
0x0000000004d2b000 	/usr/lib/system/libsystem_configuration.dylib
0x0000000004d2b000 	/usr/lib/system/libsystem_coreservices.dylib
0x0000000004d2b000 	/usr/lib/system/libsystem_coretls.dylib
0x0000000004d2b000 	/usr/lib/system/libsystem_dnssd.dylib
0x0000000004d2b000 	/usr/lib/system/libsystem_info.dylib
0x0000000004d2b000 	/usr/lib/system/libsystem_kernel.dylib
0x0000000004d2b000 	/usr/lib/system/libsystem_m.dylib
0x0000000004d2b000 	/usr/lib/system/libsystem_malloc.dylib
0x0000000004d2b000 	/usr/lib/system/libsystem_network.dylib
0x0000000004d2b000 	/usr/lib/system/libsystem_networkextension.dylib
0x0000000004d2b000 	/usr/lib/system/libsystem_notify.dylib
0x0000000004d2b000 	/usr/lib/system/libsystem_platform.dylib
0x0000000004d2b000 	/usr/lib/system/libsystem_pthread.dylib
0x0000000004d2b000 	/usr/lib/system/libsystem_sandbox.dylib
0x0000000004d2b000 	/usr/lib/system/libsystem_secinit.dylib
0x0000000004d2b000 	/usr/lib/system/libsystem_symptoms.dylib
0x0000000004d2b000 	/usr/lib/system/libsystem_trace.dylib
0x0000000004d2b000 	/usr/lib/system/libunwind.dylib
0x0000000004d2b000 	/usr/lib/system/libxpc.dylib
0x0000000004d2b000 	/usr/lib/libbsm.0.dylib
0x0000000004d2b000 	/usr/lib/system/libkxld.dylib
0x0000000004d2b000 	/usr/lib/libcoretls.dylib
0x0000000004d2b000 	/usr/lib/libcoretls_cfhelpers.dylib
0x0000000004d2b000 	/usr/lib/libOpenScriptingUtil.dylib
0x0000000004d2b000 	/usr/lib/libpam.2.dylib
0x0000000004d2b000 	/usr/lib/libsqlite3.dylib
0x0000000004d2b000 	/usr/lib/libxar.1.dylib
0x0000000004d2b000 	/usr/lib/libbz2.1.0.dylib
0x0000000004d2b000 	/usr/lib/liblzma.5.dylib
0x0000000004d2b000 	/usr/lib/libnetwork.dylib
0x0000000004d2b000 	/usr/lib/libpcap.A.dylib
0x0000000004d2b000 	/System/Library/Frameworks/CoreServices.framework/Versions/A/Frameworks/FSEvents.framework/Versions/A/FSEvents
0x0000000004d2b000 	/System/Library/Frameworks/CoreServices.framework/Versions/A/Frameworks/CarbonCore.framework/Versions/A/CarbonCore
0x0000000004d2b000 	/System/Library/Frameworks/CoreServices.framework/Versions/A/Frameworks/Metadata.framework/Versions/A/Metadata
0x0000000004d2b000 	/System/Library/Frameworks/CoreServices.framework/Versions/A/Frameworks/OSServices.framework/Versions/A/OSServices
0x0000000004d2b000 	/System/Library/Frameworks/CoreServices.framework/Versions/A/Frameworks/SearchKit.framework/Versions/A/SearchKit
0x0000000004d2b000 	/System/Library/Frameworks/CoreServices.framework/Versions/A/Frameworks/AE.framework/Versions/A/AE
0x0000000004d2b000 	/System/Library/Frameworks/CoreServices.framework/Versions/A/Frameworks/LaunchServices.framework/Versions/A/LaunchServices
0x0000000004d2b000 	/System/Library/Frameworks/CoreServices.framework/Versions/A/Frameworks/DictionaryServices.framework/Versions/A/DictionaryServices
0x0000000004d2b000 	/System/Library/Frameworks/CoreServices.framework/Versions/A/Frameworks/SharedFileList.framework/Versions/A/SharedFileList
0x0000000004d2b000 	/System/Library/Frameworks/NetFS.framework/Versions/A/NetFS
0x0000000004d2b000 	/System/Library/PrivateFrameworks/NetAuth.framework/Versions/A/NetAuth
0x0000000004d2b000 	/System/Library/PrivateFrameworks/login.framework/Versions/A/Frameworks/loginsupport.framework/Versions/A/loginsupport
0x0000000004d2b000 	/System/Library/PrivateFrameworks/TCC.framework/Versions/A/TCC
0x0000000004d2b000 	/usr/lib/libmecabra.dylib
0x0000000004d2b000 	/System/Library/Frameworks/ApplicationServices.framework/Versions/A/Frameworks/ATS.framework/Versions/A/ATS
0x0000000004d2b000 	/System/Library/Frameworks/ApplicationServices.framework/Versions/A/Frameworks/ColorSync.framework/Versions/A/ColorSync
0x0000000004d2b000 	/System/Library/Frameworks/ApplicationServices.framework/Versions/A/Frameworks/HIServices.framework/Versions/A/HIServices
0x0000000004d2b000 	/System/Library/Frameworks/ApplicationServices.framework/Versions/A/Frameworks/LangAnalysis.framework/Versions/A/LangAnalysis
0x0000000004d2b000 	/System/Library/Frameworks/ApplicationServices.framework/Versions/A/Frameworks/PrintCore.framework/Versions/A/PrintCore
0x0000000004d2b000 	/System/Library/Frameworks/ApplicationServices.framework/Versions/A/Frameworks/QD.framework/Versions/A/QD
0x0000000004d2b000 	/System/Library/Frameworks/ApplicationServices.framework/Versions/A/Frameworks/SpeechSynthesis.framework/Versions/A/SpeechSynthesis
0x0000000004d2b000 	/System/Library/Frameworks/Accelerate.framework/Versions/A/Frameworks/vImage.framework/Versions/A/vImage
0x0000000004d2b000 	/System/Library/Frameworks/Accelerate.framework/Versions/A/Frameworks/vecLib.framework/Versions/A/vecLib
0x0000000004d2b000 	/System/Library/Frameworks/Accelerate.framework/Versions/A/Frameworks/vecLib.framework/Versions/A/libvDSP.dylib
0x0000000004d2b000 	/System/Library/Frameworks/Accelerate.framework/Versions/A/Frameworks/vecLib.framework/Versions/A/libBNNS.dylib
0x0000000004d2b000 	/System/Library/Frameworks/Accelerate.framework/Versions/A/Frameworks/vecLib.framework/Versions/A/libQuadrature.dylib
0x0000000004d2b000 	/System/Library/Frameworks/Accelerate.framework/Versions/A/Frameworks/vecLib.framework/Versions/A/libvMisc.dylib
0x0000000004d2b000 	/System/Library/Frameworks/Accelerate.framework/Versions/A/Frameworks/vecLib.framework/Versions/A/libLAPACK.dylib
0x0000000004d2b000 	/System/Library/Frameworks/Accelerate.framework/Versions/A/Frameworks/vecLib.framework/Versions/A/libBLAS.dylib
0x0000000004d2b000 	/System/Library/Frameworks/Accelerate.framework/Versions/A/Frameworks/vecLib.framework/Versions/A/libLinearAlgebra.dylib
0x0000000004d2b000 	/System/Library/Frameworks/Accelerate.framework/Versions/A/Frameworks/vecLib.framework/Versions/A/libSparseBLAS.dylib
0x0000000004d2b000 	/System/Library/Frameworks/ApplicationServices.framework/Versions/A/Frameworks/ATS.framework/Versions/A/Resources/libFontParser.dylib
0x0000000004d2b000 	/System/Library/Frameworks/ApplicationServices.framework/Versions/A/Frameworks/ATS.framework/Versions/A/Resources/libFontRegistry.dylib
0x0000000004d2b000 	/System/Library/Frameworks/ImageIO.framework/Versions/A/Resources/libJPEG.dylib
0x0000000004d2b000 	/System/Library/Frameworks/ImageIO.framework/Versions/A/Resources/libTIFF.dylib
0x0000000004d2b000 	/System/Library/Frameworks/ImageIO.framework/Versions/A/Resources/libPng.dylib
0x0000000004d2b000 	/System/Library/Frameworks/ImageIO.framework/Versions/A/Resources/libGIF.dylib
0x0000000004d2b000 	/System/Library/Frameworks/ImageIO.framework/Versions/A/Resources/libJP2.dylib
0x0000000004d2b000 	/System/Library/Frameworks/ImageIO.framework/Versions/A/Resources/libRadiance.dylib
0x0000000004d2b000 	/usr/lib/libcompression.dylib
0x0000000004d2b000 	/System/Library/PrivateFrameworks/AppleJPEG.framework/Versions/A/AppleJPEG
0x0000000004d2b000 	/usr/lib/libcups.2.dylib
0x0000000004d2b000 	/System/Library/Frameworks/Kerberos.framework/Versions/A/Kerberos
0x0000000004d2b000 	/System/Library/Frameworks/GSS.framework/Versions/A/GSS
0x0000000004d2b000 	/usr/lib/libresolv.9.dylib
0x0000000004d2b000 	/usr/lib/libiconv.2.dylib
0x0000000004d2b000 	/System/Library/PrivateFrameworks/Heimdal.framework/Versions/A/Heimdal
0x0000000004d2b000 	/usr/lib/libheimdal-asn1.dylib
0x0000000004d2b000 	/System/Library/Frameworks/OpenDirectory.framework/Versions/A/OpenDirectory
0x0000000004d2b000 	/System/Library/PrivateFrameworks/CommonAuth.framework/Versions/A/CommonAuth
0x0000000004d2b000 	/System/Library/Frameworks/OpenDirectory.framework/Versions/A/Frameworks/CFOpenDirectory.framework/Versions/A/CFOpenDirectory
0x0000000004d2b000 	/System/Library/Frameworks/SecurityFoundation.framework/Versions/A/SecurityFoundation
0x0000000004d2b000 	/System/Library/PrivateFrameworks/LanguageModeling.framework/Versions/A/LanguageModeling
0x0000000004d2b000 	/usr/lib/libmarisa.dylib
0x0000000004d2b000 	/usr/lib/libChineseTokenizer.dylib
0x0000000004d2b000 	/usr/lib/libcmph.dylib
0x0000000004d2b000 	/System/Library/PrivateFrameworks/CoreEmoji.framework/Versions/A/CoreEmoji
0x0000000004d2b000 	/System/Library/Frameworks/ServiceManagement.framework/Versions/A/ServiceManagement
0x0000000004d2b000 	/usr/lib/libxslt.1.dylib
0x0000000004d2b000 	/System/Library/Frameworks/Carbon.framework/Versions/A/Frameworks/Ink.framework/Versions/A/Ink
0x0000000004d2b000 	/System/Library/PrivateFrameworks/TextureIO.framework/Versions/A/TextureIO
0x0000000004d2b000 	/System/Library/Frameworks/Metal.framework/Versions/A/Metal
0x0000000004d2b000 	/usr/lib/libate.dylib
0x0000000004d2b000 	/System/Library/PrivateFrameworks/GPUCompiler.framework/libmetal_timestamp.dylib
0x0000000004d2b000 	/System/Library/Frameworks/OpenGL.framework/Versions/A/Libraries/libCoreFSCache.dylib
0x0000000004d2b000 	/System/Library/PrivateFrameworks/IOAccelerator.framework/Versions/A/IOAccelerator
0x0000000004d2b000 	/System/Library/Frameworks/CoreVideo.framework/Versions/A/CoreVideo
0x0000000004d2b000 	/usr/lib/libFosl_dynamic.dylib
0x0000000004d2b000 	/System/Library/PrivateFrameworks/MetalPerformanceShaders.framework/Versions/A/MetalPerformanceShaders
0x0000000004d2b000 	/System/Library/PrivateFrameworks/FaceCore.framework/Versions/A/FaceCore
0x0000000004d2b000 	/System/Library/Frameworks/OpenCL.framework/Versions/A/OpenCL
0x0000000004d2b000 	/System/Library/Frameworks/OpenGL.framework/Versions/A/Libraries/libGLU.dylib
0x0000000004d2b000 	/System/Library/Frameworks/OpenGL.framework/Versions/A/Libraries/libGFXShared.dylib
0x0000000004d2b000 	/System/Library/Frameworks/OpenGL.framework/Versions/A/Libraries/libGL.dylib
0x0000000004d2b000 	/System/Library/Frameworks/OpenGL.framework/Versions/A/Libraries/libGLImage.dylib
0x0000000004d2b000 	/System/Library/Frameworks/OpenGL.framework/Versions/A/Libraries/libCVMSPluginSupport.dylib
0x0000000004d2b000 	/System/Library/Frameworks/OpenGL.framework/Versions/A/Libraries/libCoreVMClient.dylib
0x0000000004d2b000 	/System/Library/PrivateFrameworks/CrashReporterSupport.framework/Versions/A/CrashReporterSupport
0x0000000004d2b000 	/System/Library/PrivateFrameworks/Sharing.framework/Versions/A/Sharing
0x0000000004d2b000 	/System/Library/PrivateFrameworks/IconServices.framework/Versions/A/IconServices
0x0000000004d2b000 	/System/Library/PrivateFrameworks/ProtocolBuffer.framework/Versions/A/ProtocolBuffer
0x0000000004d2b000 	/System/Library/PrivateFrameworks/Apple80211.framework/Versions/A/Apple80211
0x0000000004d2b000 	/System/Library/Frameworks/CoreWLAN.framework/Versions/A/CoreWLAN
0x0000000004d2b000 	/System/Library/PrivateFrameworks/CoreUtils.framework/Versions/A/CoreUtils
0x0000000004d2b000 	/System/Library/Frameworks/IOBluetooth.framework/Versions/A/IOBluetooth
0x0000000004d2b000 	/System/Library/PrivateFrameworks/CoreWiFi.framework/Versions/A/CoreWiFi
0x0000000004d2b000 	/System/Library/Frameworks/CoreBluetooth.framework/Versions/A/CoreBluetooth
0x0000000004d2b000 	/System/Library/Frameworks/CoreDisplay.framework/Versions/A/CoreDisplay
0x0000000004d2b000 	/System/Library/PrivateFrameworks/IOPresentment.framework/Versions/A/IOPresentment
0x0000000004d2b000 	/System/Library/PrivateFrameworks/DSExternalDisplay.framework/Versions/A/DSExternalDisplay
0x0000000004d2b000 	/System/Library/PrivateFrameworks/DebugSymbols.framework/Versions/A/DebugSymbols
0x0000000004d2b000 	/System/Library/PrivateFrameworks/CoreSymbolication.framework/Versions/A/CoreSymbolication
0x0000000004d2b000 	/System/Library/PrivateFrameworks/Symbolication.framework/Versions/A/Symbolication
0x0000000004d2b000 	/System/Library/PrivateFrameworks/AppleFSCompression.framework/Versions/A/AppleFSCompression
0x0000000004d2b000 	/System/Library/PrivateFrameworks/SpeechRecognitionCore.framework/Versions/A/SpeechRecognitionCore
0x0000000004d2b000 	/System/Library/PrivateFrameworks/ChunkingLibrary.framework/Versions/A/ChunkingLibrary
0x00000001106f6000 	/Library/Java/JavaVirtualMachines/jdk1.8.0_92.jdk/Contents/Home/jre/lib/server/libjvm.dylib
0x0000000004d2b000 	/usr/lib/libstdc++.6.dylib
0x000000010ffd4000 	/Library/Java/JavaVirtualMachines/jdk1.8.0_92.jdk/Contents/Home/jre/lib/libverify.dylib
0x000000010ffe2000 	/Library/Java/JavaVirtualMachines/jdk1.8.0_92.jdk/Contents/Home/jre/lib/libjava.dylib
0x0000000110021000 	/Library/Java/JavaVirtualMachines/jdk1.8.0_92.jdk/Contents/Home/jre/lib/libzip.dylib
0x0000000110625000 	/System/Library/Frameworks/JavaVM.framework/Frameworks/JavaRuntimeSupport.framework/JavaRuntimeSupport
0x000000011063f000 	/System/Library/Frameworks/JavaVM.framework/Versions/A/Frameworks/JavaNativeFoundation.framework/Versions/A/JavaNativeFoundation
0x0000000110654000 	/System/Library/Frameworks/JavaVM.framework/Versions/A/JavaVM
0x0000000004d2b000 	/System/Library/Frameworks/Carbon.framework/Versions/A/Carbon
0x000000012078d000 	/System/Library/PrivateFrameworks/JavaLaunching.framework/Versions/A/JavaLaunching
0x0000000004d2b000 	/System/Library/Frameworks/Carbon.framework/Versions/A/Frameworks/CommonPanels.framework/Versions/A/CommonPanels
0x0000000004d2b000 	/System/Library/Frameworks/Carbon.framework/Versions/A/Frameworks/Help.framework/Versions/A/Help
0x0000000004d2b000 	/System/Library/Frameworks/Carbon.framework/Versions/A/Frameworks/ImageCapture.framework/Versions/A/ImageCapture
0x0000000004d2b000 	/System/Library/Frameworks/Carbon.framework/Versions/A/Frameworks/OpenScripting.framework/Versions/A/OpenScripting
0x0000000004d2b000 	/System/Library/Frameworks/Carbon.framework/Versions/A/Frameworks/Print.framework/Versions/A/Print
0x0000000004d2b000 	/System/Library/Frameworks/Carbon.framework/Versions/A/Frameworks/SecurityHI.framework/Versions/A/SecurityHI
0x000000012d70c000 	/Users/serinahu/Library/Application Support/JetBrains/Toolbox/apps/IDEA-U/ch-0/163.13906.18/IntelliJ IDEA.app/Contents/bin/libbreakgen64.jnilib
0x000000012d70f000 	/Library/Java/JavaVirtualMachines/jdk1.8.0_92.jdk/Contents/Home/jre/lib/libnet.dylib
0x000000012d76e000 	/Library/Java/JavaVirtualMachines/jdk1.8.0_92.jdk/Contents/Home/jre/lib/libawt.dylib
0x000000012d816000 	/Library/Java/JavaVirtualMachines/jdk1.8.0_92.jdk/Contents/Home/jre/lib/./libmlib_image.dylib
0x000000012d8e2000 	/Library/Java/JavaVirtualMachines/jdk1.8.0_92.jdk/Contents/Home/jre/lib/libawt_lwawt.dylib
0x000000012d997000 	/Library/Java/JavaVirtualMachines/jdk1.8.0_92.jdk/Contents/Home/jre/lib/./libosxapp.dylib
0x0000000004d2b000 	/System/Library/Frameworks/ExceptionHandling.framework/Versions/A/ExceptionHandling
0x0000000004d2b000 	/System/Library/PrivateFrameworks/CoreServicesInternal.framework/Versions/A/CoreServicesInternal
0x0000000004d2b000 	/System/Library/CoreServices/RawCamera.bundle/Contents/MacOS/RawCamera
0x0000000004d2b000 	/System/Library/Frameworks/Accelerate.framework/Versions/A/Frameworks/vImage.framework/Versions/A/Libraries/libCGInterfaces.dylib
0x0000000004d2b000 	/System/Library/Frameworks/ApplicationServices.framework/Versions/A/Frameworks/ATS.framework/Versions/A/Resources/libTrueTypeScaler.dylib
0x000000012feb4000 	/System/Library/Frameworks/OpenGL.framework/Resources/GLEngine.bundle/GLEngine
0x0000000004d2b000 	/System/Library/Frameworks/OpenGL.framework/Versions/A/Libraries/libGLProgrammability.dylib
0x0000000130099000 	/System/Library/Extensions/AppleIntelBDWGraphicsGLDriver.bundle/Contents/MacOS/AppleIntelBDWGraphicsGLDriver
0x0000000004d2b000 	/System/Library/PrivateFrameworks/GPUSupport.framework/Versions/A/Libraries/libGPUSupportMercury.dylib
0x000000012ea72000 	/System/Library/Frameworks/OpenGL.framework/Resources//GLRendererFloat.bundle/GLRendererFloat
0x0000000004d2b000 	/System/Library/Frameworks/OpenCL.framework/Versions/A/Libraries/libcldcpuengine.dylib
0x0000000004d2b000 	/usr/lib/libcrypto.0.9.8.dylib
0x0000000004d2b000 	/System/Library/PrivateFrameworks/TrustEvaluationAgent.framework/Versions/A/TrustEvaluationAgent
0x000000012eaa6000 	/System/Library/Extensions/AppleIntelBDWGraphicsMTLDriver.bundle/Contents/MacOS/AppleIntelBDWGraphicsMTLDriver
0x0000000004d2b000 	/System/Library/PrivateFrameworks/FamilyControls.framework/Versions/A/FamilyControls
0x0000000004d2b000 	/System/Library/PrivateFrameworks/CommerceKit.framework/Versions/A/Frameworks/CommerceCore.framework/Versions/A/CommerceCore
0x0000000004d2b000 	/System/Library/PrivateFrameworks/SystemAdministration.framework/Versions/A/SystemAdministration
0x0000000004d2b000 	/System/Library/PrivateFrameworks/AppContainer.framework/Versions/A/AppContainer
0x0000000004d2b000 	/System/Library/PrivateFrameworks/SecCodeWrapper.framework/Versions/A/SecCodeWrapper
0x0000000004d2b000 	/System/Library/Frameworks/DirectoryService.framework/Versions/A/DirectoryService
0x0000000004d2b000 	/System/Library/PrivateFrameworks/DiskImages.framework/Versions/A/DiskImages
0x0000000004d2b000 	/System/Library/PrivateFrameworks/LoginUIKit.framework/Versions/A/Frameworks/LoginUICore.framework/Versions/A/LoginUICore
0x0000000004d2b000 	/usr/lib/libCoreStorage.dylib
0x0000000004d2b000 	/usr/lib/libcsfde.dylib
0x0000000004d2b000 	/usr/lib/libodfde.dylib
0x0000000004d2b000 	/System/Library/Frameworks/DiscRecording.framework/Versions/A/DiscRecording
0x0000000004d2b000 	/usr/lib/libcurl.4.dylib
0x0000000004d2b000 	/System/Library/PrivateFrameworks/MediaKit.framework/Versions/A/MediaKit
0x0000000004d2b000 	/System/Library/PrivateFrameworks/ProtectedCloudStorage.framework/Versions/A/ProtectedCloudStorage
0x0000000004d2b000 	/System/Library/PrivateFrameworks/EFILogin.framework/Versions/A/EFILogin
0x0000000004d2b000 	/usr/lib/libutil.dylib
0x0000000004d2b000 	/System/Library/Frameworks/LDAP.framework/Versions/A/LDAP
0x0000000004d2b000 	/usr/lib/libsasl2.2.dylib
0x0000000004d2b000 	/System/Library/PrivateFrameworks/CoreDaemon.framework/Versions/B/CoreDaemon
0x0000000004d2b000 	/System/Library/PrivateFrameworks/AppleSRP.framework/Versions/A/AppleSRP
0x0000000004d2b000 	/System/Library/PrivateFrameworks/APFS.framework/Versions/A/APFS
0x0000000131e10000 	/Library/Java/JavaVirtualMachines/jdk1.8.0_92.jdk/Contents/Home/jre/lib/libfontmanager.dylib
0x0000000131e77000 	/Users/serinahu/IdeaProjects/APCS/2DGameTesting/libs/liblwjgl.dylib
0x000000012e005000 	/Library/Java/JavaVirtualMachines/jdk1.8.0_92.jdk/Contents/Home/jre/lib/libjawt.dylib
0x000000012ec3e000 	/Users/serinahu/IdeaProjects/APCS/2DGameTesting/libs/libjinput-osx.dylib
0x0000000132de1000 	/System/Library/Extensions/IOHIDFamily.kext/Contents/PlugIns/IOHIDLib.plugin/Contents/MacOS/IOHIDLib

VM Arguments:
jvm_args: -Djava.library.path=libs/ -Didea.launcher.port=7532 -Didea.launcher.bin.path=/Users/serinahu/Library/Application Support/JetBrains/Toolbox/apps/IDEA-U/ch-0/163.13906.18/IntelliJ IDEA.app/Contents/bin -Dfile.encoding=UTF-8 
java_command: com.intellij.rt.execution.application.AppMain TestingGame
java_class_path (initial): /Library/Java/JavaVirtualMachines/jdk1.8.0_92.jdk/Contents/Home/jre/lib/charsets.jar:/Library/Java/JavaVirtualMachines/jdk1.8.0_92.jdk/Contents/Home/jre/lib/deploy.jar:/Library/Java/JavaVirtualMachines/jdk1.8.0_92.jdk/Contents/Home/jre/lib/ext/cldrdata.jar:/Library/Java/JavaVirtualMachines/jdk1.8.0_92.jdk/Contents/Home/jre/lib/ext/dnsns.jar:/Library/Java/JavaVirtualMachines/jdk1.8.0_92.jdk/Contents/Home/jre/lib/ext/jaccess.jar:/Library/Java/JavaVirtualMachines/jdk1.8.0_92.jdk/Contents/Home/jre/lib/ext/jfxrt.jar:/Library/Java/JavaVirtualMachines/jdk1.8.0_92.jdk/Contents/Home/jre/lib/ext/localedata.jar:/Library/Java/JavaVirtualMachines/jdk1.8.0_92.jdk/Contents/Home/jre/lib/ext/nashorn.jar:/Library/Java/JavaVirtualMachines/jdk1.8.0_92.jdk/Contents/Home/jre/lib/ext/sunec.jar:/Library/Java/JavaVirtualMachines/jdk1.8.0_92.jdk/Contents/Home/jre/lib/ext/sunjce_provider.jar:/Library/Java/JavaVirtualMachines/jdk1.8.0_92.jdk/Contents/Home/jre/lib/ext/sunpkcs11.jar:/Library/Java/JavaVirtualMachines/jdk1.8.0_92.jdk/Contents/Home/jre/lib/ext/zipfs.jar:/Library/Java/JavaVirtualMachines/jdk1.8.0_92.jdk/Contents/Home/jre/lib/javaws.jar:/Library/Java/JavaVirtualMachines/jdk1.8.0_92.jdk/Contents/Home/jre/lib/jce.jar:/Library/Java/JavaVirtualMachines/jdk1.8.0_92.jdk/Contents/Home/jre/lib/jfr.jar:/Library/Java/JavaVirtualMachines/jdk1.8.0_92.jdk/Contents/Home/jre/lib/jfxswt.jar:/Library/Java/JavaVirtualMachines/jdk1.8.0_92.jdk/Contents/Home/jre/lib/jsse.jar:/Library/Java/JavaVirtualMachines/jdk1.8.0_92.jdk/Contents/Home/jre/lib/management-agent.jar:/Library/Java/JavaVirtualMachines/jdk1.8.0_92.jdk/Contents/Home/jre/lib/plugin.jar:/Library/Java/JavaVirtualMachines/jdk1.8.0_92.jdk/Contents/Home/jre/lib/resources.jar:/Library/Java/JavaVirtualMachines/jdk1.8.0_92.jdk/Contents/Home/jre/lib/rt.jar:/Library/Java/JavaVirtualMachines/jdk1.8.0_92.jdk/Contents/Home/lib/ant-javafx.jar:/Library/Java/JavaVirtualMachines/jdk1.8.0_92.jdk/Contents/Home/lib/dt.jar:/Library/Ja
Launcher Type: SUN_STANDARD

Environment Variables:
PATH=/usr/local/sbin:/Users/serinahu/Documents/bin:/Library/Frameworks/Python.framework/Versions/3.5/bin:/opt/local/bin:/opt/local/sbin:/Library/Frameworks/Python.framework/Versions/3.4/bin:/usr/local/bin:/usr/bin:/bin:/usr/sbin:/sbin:/opt/local/bin:/opt/local/sbin:/opt/X11/bin:/Library/Frameworks/Mono.framework/Versions/Current/Commands:/Library/TeX/texbin
SHELL=/bin/bash
DISPLAY=/private/tmp/com.apple.launchd.6zZUAH6KdN/org.macosforge.xquartz:0

Signal Handlers:
SIGSEGV: [libjvm.dylib+0x5aa779], sa_mask[0]=11111111011111110111111111111111, sa_flags=SA_ONSTACK|SA_RESTART|SA_SIGINFO
SIGBUS: [libjvm.dylib+0x5aa779], sa_mask[0]=11111111011111110111111111111111, sa_flags=SA_RESTART|SA_SIGINFO
SIGFPE: [libjvm.dylib+0x4831d0], sa_mask[0]=11111111011111110111111111111111, sa_flags=SA_RESTART|SA_SIGINFO
SIGPIPE: [libjvm.dylib+0x4831d0], sa_mask[0]=11111111011111110111111111111111, sa_flags=SA_RESTART|SA_SIGINFO
SIGXFSZ: [libjvm.dylib+0x4831d0], sa_mask[0]=11111111011111110111111111111111, sa_flags=SA_RESTART|SA_SIGINFO
SIGILL: [libjvm.dylib+0x4831d0], sa_mask[0]=11111111011111110111111111111111, sa_flags=SA_RESTART|SA_SIGINFO
SIGUSR1: SIG_DFL, sa_mask[0]=00000000000000000000000000000000, sa_flags=none
SIGUSR2: [libjvm.dylib+0x482cee], sa_mask[0]=00100000000000000000000000000000, sa_flags=SA_RESTART|SA_SIGINFO
SIGHUP: [libjvm.dylib+0x4812c5], sa_mask[0]=11111111011111110111111111111111, sa_flags=SA_RESTART|SA_SIGINFO
SIGINT: [libjvm.dylib+0x4812c5], sa_mask[0]=11111111011111110111111111111111, sa_flags=SA_RESTART|SA_SIGINFO
SIGTERM: [libjvm.dylib+0x4812c5], sa_mask[0]=11111111011111110111111111111111, sa_flags=SA_RESTART|SA_SIGINFO
SIGQUIT: [libjvm.dylib+0x4812c5], sa_mask[0]=11111111011111110111111111111111, sa_flags=SA_RESTART|SA_SIGINFO


---------------  S Y S T E M  ---------------

OS:Bsduname:Darwin 16.5.0 Darwin Kernel Version 16.5.0: Fri Mar  3 16:52:33 PST 2017; root:xnu-3789.51.2~3/RELEASE_X86_64 x86_64
rlimit: STACK 8192k, CORE 0k, NPROC 709, NOFILE 10240, AS infinity
load average:2.68 3.41 4.24

CPU:total 4 (2 cores per cpu, 2 threads per core) family 6 model 61 stepping 4, cmov, cx8, fxsr, mmx, sse, sse2, sse3, ssse3, sse4.1, sse4.2, popcnt, avx, avx2, aes, clmul, erms, 3dnowpref, lzcnt, ht, tsc, tscinvbit, bmi1, bmi2, adx

Memory: 4k page, physical 16777216k(2095336k free)

/proc/meminfo:


vm_info: Java HotSpot(TM) 64-Bit Server VM (25.92-b14) for bsd-amd64 JRE (1.8.0_92-b14), built on Mar 31 2016 21:23:14 by "java_re" with gcc 4.2.1 (Based on Apple Inc. build 5658) (LLVM build 2336.11.00)

time: Wed May  3 13:15:24 2017
elapsed time: 6 seconds (0d 0h 0m 6s)

